Copyright 1986-2022 Xilinx, Inc. All Rights Reserved. Copyright 2022-2025 Advanced Micro Devices, Inc. All Rights Reserved.
------------------------------------------------------------------------------------------------------------------------------------------------------------------------------------------------------------------------------------------------------
| Tool Version : Vivado v.2025.2 (win64) Build 6299465 Fri Nov 14 19:35:11 GMT 2025
| Date         : Wed Mar  4 10:31:09 2026
| Host         : DESKTOP-QU8QVCL running 64-bit major release  (build 9200)
| Command      : report_timing_summary -max_paths 10 -routable_nets -report_unconstrained -file shift_register_timing_summary_routed.rpt -pb shift_register_timing_summary_routed.pb -rpx shift_register_timing_summary_routed.rpx -warn_on_violation
| Design       : shift_register
| Device       : 7z020-clg484
| Speed File   : -1  PRODUCTION 1.12 2019-11-22
| Design State : Routed
------------------------------------------------------------------------------------------------------------------------------------------------------------------------------------------------------------------------------------------------------

Timing Summary Report

------------------------------------------------------------------------------------------------
| Timer Settings
| --------------
------------------------------------------------------------------------------------------------

  Enable Multi Corner Analysis               :  Yes
  Enable Pessimism Removal                   :  Yes
  Pessimism Removal Resolution               :  Nearest Common Node
  Enable Input Delay Default Clock           :  No
  Enable Preset / Clear Arcs                 :  No
  Disable Flight Delays                      :  No
  Ignore I/O Paths                           :  No
  Timing Early Launch at Borrowing Latches   :  No
  Borrow Time for Max Delay Exceptions       :  Yes
  Merge Timing Exceptions                    :  Yes
  Inter-SLR Compensation                     :  Conservative

  Corner  Analyze    Analyze    
  Name    Max Paths  Min Paths  
  ------  ---------  ---------  
  Slow    Yes        Yes        
  Fast    Yes        Yes        


------------------------------------------------------------------------------------------------
| Report Methodology
| ------------------
------------------------------------------------------------------------------------------------

Rule       Severity          Description                  Violations  
---------  ----------------  ---------------------------  ----------  
TIMING-17  Critical Warning  Non-clocked sequential cell  4           

Note: This report is based on the most recent report_methodology run and may not be up-to-date. Run report_methodology on the current design for the latest report.



check_timing report

Table of Contents
-----------------
1. checking no_clock (4)
2. checking constant_clock (0)
3. checking pulse_width_clock (0)
4. checking unconstrained_internal_endpoints (8)
5. checking no_input_delay (2)
6. checking no_output_delay (1)
7. checking multiple_clock (0)
8. checking generated_clocks (0)
9. checking loops (0)
10. checking partial_input_delay (0)
11. checking partial_output_delay (0)
12. checking latch_loops (0)

1. checking no_clock (4)
------------------------
 There are 4 register/latch pins with no clock driven by root clock pin: clk (HIGH)


2. checking constant_clock (0)
------------------------------
 There are 0 register/latch pins with constant_clock.


3. checking pulse_width_clock (0)
---------------------------------
 There are 0 register/latch pins which need pulse_width check


4. checking unconstrained_internal_endpoints (8)
------------------------------------------------
 There are 8 pins that are not constrained for maximum delay. (HIGH)

 There are 0 pins that are not constrained for maximum delay due to constant clock.


5. checking no_input_delay (2)
------------------------------
 There are 2 input ports with no input delay specified. (HIGH)

 There are 0 input ports with no input delay but user has a false path constraint.


6. checking no_output_delay (1)
-------------------------------
 There is 1 port with no output delay specified. (HIGH)

 There are 0 ports with no output delay but user has a false path constraint

 There are 0 ports with no output delay but with a timing clock defined on it or propagating through it


7. checking multiple_clock (0)
------------------------------
 There are 0 register/latch pins with multiple clocks.


8. checking generated_clocks (0)
--------------------------------
 There are 0 generated clocks that are not connected to a clock source.


9. checking loops (0)
---------------------
 There are 0 combinational loops in the design.


10. checking partial_input_delay (0)
------------------------------------
 There are 0 input ports with partial input delay specified.


11. checking partial_output_delay (0)
-------------------------------------
 There are 0 ports with partial output delay specified.


12. checking latch_loops (0)
----------------------------
 There are 0 combinational latch loops in the design through latch input



------------------------------------------------------------------------------------------------
| Design Timing Summary
| ---------------------
------------------------------------------------------------------------------------------------

    WNS(ns)      TNS(ns)  TNS Failing Endpoints  TNS Total Endpoints      WHS(ns)      THS(ns)  THS Failing Endpoints  THS Total Endpoints     WPWS(ns)     TPWS(ns)  TPWS Failing Endpoints  TPWS Total Endpoints  
    -------      -------  ---------------------  -------------------      -------      -------  ---------------------  -------------------     --------     --------  ----------------------  --------------------  
        inf        0.000                      0                    9          inf        0.000                      0                    9           NA           NA                      NA                    NA  


There are no user specified timing constraints.


------------------------------------------------------------------------------------------------
| Clock Summary
| -------------
------------------------------------------------------------------------------------------------


------------------------------------------------------------------------------------------------
| Intra Clock Table
| -----------------
------------------------------------------------------------------------------------------------

Clock             WNS(ns)      TNS(ns)  TNS Failing Endpoints  TNS Total Endpoints      WHS(ns)      THS(ns)  THS Failing Endpoints  THS Total Endpoints     WPWS(ns)     TPWS(ns)  TPWS Failing Endpoints  TPWS Total Endpoints  
-----             -------      -------  ---------------------  -------------------      -------      -------  ---------------------  -------------------     --------     --------  ----------------------  --------------------  


------------------------------------------------------------------------------------------------
| Inter Clock Table
| -----------------
------------------------------------------------------------------------------------------------

From Clock    To Clock          WNS(ns)      TNS(ns)  TNS Failing Endpoints  TNS Total Endpoints      WHS(ns)      THS(ns)  THS Failing Endpoints  THS Total Endpoints  
----------    --------          -------      -------  ---------------------  -------------------      -------      -------  ---------------------  -------------------  


------------------------------------------------------------------------------------------------
| Other Path Groups Table
| -----------------------
------------------------------------------------------------------------------------------------

Path Group    From Clock    To Clock          WNS(ns)      TNS(ns)  TNS Failing Endpoints  TNS Total Endpoints      WHS(ns)      THS(ns)  THS Failing Endpoints  THS Total Endpoints  
----------    ----------    --------          -------      -------  ---------------------  -------------------      -------      -------  ---------------------  -------------------  


------------------------------------------------------------------------------------------------
| User Ignored Path Table
| -----------------------
------------------------------------------------------------------------------------------------

Path Group    From Clock    To Clock    
----------    ----------    --------    


------------------------------------------------------------------------------------------------
| Unconstrained Path Table
| ------------------------
------------------------------------------------------------------------------------------------

Path Group    From Clock    To Clock    
----------    ----------    --------    
(none)                                    


------------------------------------------------------------------------------------------------
| Timing Details
| --------------
------------------------------------------------------------------------------------------------


--------------------------------------------------------------------------------------
Path Group:  (none)
From Clock:  
  To Clock:  

Max Delay             9 Endpoints
Min Delay             9 Endpoints
--------------------------------------------------------------------------------------


Max Delay Paths
--------------------------------------------------------------------------------------
Slack:                    inf
  Source:                 shifted_bit_reg[3]/C
                            (rising edge-triggered cell FDRE)
  Destination:            Output
                            (output port)
  Path Group:             (none)
  Path Type:              Max at Slow Process Corner
  Data Path Delay:        4.779ns  (logic 3.116ns (65.200%)  route 1.663ns (34.800%))
  Logic Levels:           2  (FDRE=1 OBUF=1)

    Location             Delay type                Incr(ns)  Path(ns)    Netlist Resource(s)
  -------------------------------------------------------------------    -------------------
    SLICE_X0Y1           FDRE                         0.000     0.000 r  shifted_bit_reg[3]/C
    SLICE_X0Y1           FDRE (Prop_fdre_C_Q)         0.518     0.518 r  shifted_bit_reg[3]/Q
                         net (fo=1, routed)           1.663     2.181    Output_OBUF
    W6                   OBUF (Prop_obuf_I_O)         2.598     4.779 r  Output_OBUF_inst/O
                         net (fo=0)                   0.000     4.779    Output
    W6                                                                r  Output (OUT)
  -------------------------------------------------------------------    -------------------

Slack:                    inf
  Source:                 R
                            (input port)
  Destination:            shifted_bit_reg[0]/R
  Path Group:             (none)
  Path Type:              Max at Slow Process Corner
  Data Path Delay:        1.831ns  (logic 0.935ns (51.083%)  route 0.896ns (48.917%))
  Logic Levels:           1  (IBUF=1)

    Location             Delay type                Incr(ns)  Path(ns)    Netlist Resource(s)
  -------------------------------------------------------------------    -------------------
    W5                                                0.000     0.000 r  R (IN)
                         net (fo=0)                   0.000     0.000    R
    W5                   IBUF (Prop_ibuf_I_O)         0.935     0.935 r  R_IBUF_inst/O
                         net (fo=4, routed)           0.896     1.831    R_IBUF
    SLICE_X0Y1           FDRE                                         r  shifted_bit_reg[0]/R
  -------------------------------------------------------------------    -------------------

Slack:                    inf
  Source:                 R
                            (input port)
  Destination:            shifted_bit_reg[1]/R
  Path Group:             (none)
  Path Type:              Max at Slow Process Corner
  Data Path Delay:        1.831ns  (logic 0.935ns (51.083%)  route 0.896ns (48.917%))
  Logic Levels:           1  (IBUF=1)

    Location             Delay type                Incr(ns)  Path(ns)    Netlist Resource(s)
  -------------------------------------------------------------------    -------------------
    W5                                                0.000     0.000 r  R (IN)
                         net (fo=0)                   0.000     0.000    R
    W5                   IBUF (Prop_ibuf_I_O)         0.935     0.935 r  R_IBUF_inst/O
                         net (fo=4, routed)           0.896     1.831    R_IBUF
    SLICE_X0Y1           FDRE                                         r  shifted_bit_reg[1]/R
  -------------------------------------------------------------------    -------------------

Slack:                    inf
  Source:                 R
                            (input port)
  Destination:            shifted_bit_reg[2]/R
  Path Group:             (none)
  Path Type:              Max at Slow Process Corner
  Data Path Delay:        1.831ns  (logic 0.935ns (51.083%)  route 0.896ns (48.917%))
  Logic Levels:           1  (IBUF=1)

    Location             Delay type                Incr(ns)  Path(ns)    Netlist Resource(s)
  -------------------------------------------------------------------    -------------------
    W5                                                0.000     0.000 r  R (IN)
                         net (fo=0)                   0.000     0.000    R
    W5                   IBUF (Prop_ibuf_I_O)         0.935     0.935 r  R_IBUF_inst/O
                         net (fo=4, routed)           0.896     1.831    R_IBUF
    SLICE_X0Y1           FDRE                                         r  shifted_bit_reg[2]/R
  -------------------------------------------------------------------    -------------------

Slack:                    inf
  Source:                 R
                            (input port)
  Destination:            shifted_bit_reg[3]/R
  Path Group:             (none)
  Path Type:              Max at Slow Process Corner
  Data Path Delay:        1.831ns  (logic 0.935ns (51.083%)  route 0.896ns (48.917%))
  Logic Levels:           1  (IBUF=1)

    Location             Delay type                Incr(ns)  Path(ns)    Netlist Resource(s)
  -------------------------------------------------------------------    -------------------
    W5                                                0.000     0.000 r  R (IN)
                         net (fo=0)                   0.000     0.000    R
    W5                   IBUF (Prop_ibuf_I_O)         0.935     0.935 r  R_IBUF_inst/O
                         net (fo=4, routed)           0.896     1.831    R_IBUF
    SLICE_X0Y1           FDRE                                         r  shifted_bit_reg[3]/R
  -------------------------------------------------------------------    -------------------

Slack:                    inf
  Source:                 Input
                            (input port)
  Destination:            shifted_bit_reg[0]/D
  Path Group:             (none)
  Path Type:              Max at Slow Process Corner
  Data Path Delay:        1.811ns  (logic 0.915ns (50.518%)  route 0.896ns (49.482%))
  Logic Levels:           1  (IBUF=1)

    Location             Delay type                Incr(ns)  Path(ns)    Netlist Resource(s)
  -------------------------------------------------------------------    -------------------
    U7                                                0.000     0.000 r  Input (IN)
                         net (fo=0)                   0.000     0.000    Input
    U7                   IBUF (Prop_ibuf_I_O)         0.915     0.915 r  Input_IBUF_inst/O
                         net (fo=1, routed)           0.896     1.811    Input_IBUF
    SLICE_X0Y1           FDRE                                         r  shifted_bit_reg[0]/D
  -------------------------------------------------------------------    -------------------

Slack:                    inf
  Source:                 shifted_bit_reg[2]/C
                            (rising edge-triggered cell FDRE)
  Destination:            shifted_bit_reg[3]/D
  Path Group:             (none)
  Path Type:              Max at Slow Process Corner
  Data Path Delay:        1.176ns  (logic 0.518ns (44.065%)  route 0.658ns (55.935%))
  Logic Levels:           1  (FDRE=1)

    Location             Delay type                Incr(ns)  Path(ns)    Netlist Resource(s)
  -------------------------------------------------------------------    -------------------
    SLICE_X0Y1           FDRE                         0.000     0.000 r  shifted_bit_reg[2]/C
    SLICE_X0Y1           FDRE (Prop_fdre_C_Q)         0.518     0.518 r  shifted_bit_reg[2]/Q
                         net (fo=1, routed)           0.658     1.176    p_0_out[3]
    SLICE_X0Y1           FDRE                                         r  shifted_bit_reg[3]/D
  -------------------------------------------------------------------    -------------------

Slack:                    inf
  Source:                 shifted_bit_reg[0]/C
                            (rising edge-triggered cell FDRE)
  Destination:            shifted_bit_reg[1]/D
  Path Group:             (none)
  Path Type:              Max at Slow Process Corner
  Data Path Delay:        1.038ns  (logic 0.518ns (49.891%)  route 0.520ns (50.109%))
  Logic Levels:           1  (FDRE=1)

    Location             Delay type                Incr(ns)  Path(ns)    Netlist Resource(s)
  -------------------------------------------------------------------    -------------------
    SLICE_X0Y1           FDRE                         0.000     0.000 r  shifted_bit_reg[0]/C
    SLICE_X0Y1           FDRE (Prop_fdre_C_Q)         0.518     0.518 r  shifted_bit_reg[0]/Q
                         net (fo=1, routed)           0.520     1.038    p_0_out[1]
    SLICE_X0Y1           FDRE                                         r  shifted_bit_reg[1]/D
  -------------------------------------------------------------------    -------------------

Slack:                    inf
  Source:                 shifted_bit_reg[1]/C
                            (rising edge-triggered cell FDRE)
  Destination:            shifted_bit_reg[2]/D
  Path Group:             (none)
  Path Type:              Max at Slow Process Corner
  Data Path Delay:        0.993ns  (logic 0.518ns (52.158%)  route 0.475ns (47.842%))
  Logic Levels:           1  (FDRE=1)

    Location             Delay type                Incr(ns)  Path(ns)    Netlist Resource(s)
  -------------------------------------------------------------------    -------------------
    SLICE_X0Y1           FDRE                         0.000     0.000 r  shifted_bit_reg[1]/C
    SLICE_X0Y1           FDRE (Prop_fdre_C_Q)         0.518     0.518 r  shifted_bit_reg[1]/Q
                         net (fo=1, routed)           0.475     0.993    p_0_out[2]
    SLICE_X0Y1           FDRE                                         r  shifted_bit_reg[2]/D
  -------------------------------------------------------------------    -------------------





Min Delay Paths
--------------------------------------------------------------------------------------
Slack:                    inf
  Source:                 shifted_bit_reg[0]/C
                            (rising edge-triggered cell FDRE)
  Destination:            shifted_bit_reg[1]/D
  Path Group:             (none)
  Path Type:              Min at Fast Process Corner
  Data Path Delay:        0.334ns  (logic 0.164ns (49.062%)  route 0.170ns (50.938%))
  Logic Levels:           1  (FDRE=1)

    Location             Delay type                Incr(ns)  Path(ns)    Netlist Resource(s)
  -------------------------------------------------------------------    -------------------
    SLICE_X0Y1           FDRE                         0.000     0.000 r  shifted_bit_reg[0]/C
    SLICE_X0Y1           FDRE (Prop_fdre_C_Q)         0.164     0.164 r  shifted_bit_reg[0]/Q
                         net (fo=1, routed)           0.170     0.334    p_0_out[1]
    SLICE_X0Y1           FDRE                                         r  shifted_bit_reg[1]/D
  -------------------------------------------------------------------    -------------------

Slack:                    inf
  Source:                 shifted_bit_reg[1]/C
                            (rising edge-triggered cell FDRE)
  Destination:            shifted_bit_reg[2]/D
  Path Group:             (none)
  Path Type:              Min at Fast Process Corner
  Data Path Delay:        0.336ns  (logic 0.164ns (48.789%)  route 0.172ns (51.211%))
  Logic Levels:           1  (FDRE=1)

    Location             Delay type                Incr(ns)  Path(ns)    Netlist Resource(s)
  -------------------------------------------------------------------    -------------------
    SLICE_X0Y1           FDRE                         0.000     0.000 r  shifted_bit_reg[1]/C
    SLICE_X0Y1           FDRE (Prop_fdre_C_Q)         0.164     0.164 r  shifted_bit_reg[1]/Q
                         net (fo=1, routed)           0.172     0.336    p_0_out[2]
    SLICE_X0Y1           FDRE                                         r  shifted_bit_reg[2]/D
  -------------------------------------------------------------------    -------------------

Slack:                    inf
  Source:                 shifted_bit_reg[2]/C
                            (rising edge-triggered cell FDRE)
  Destination:            shifted_bit_reg[3]/D
  Path Group:             (none)
  Path Type:              Min at Fast Process Corner
  Data Path Delay:        0.494ns  (logic 0.164ns (33.230%)  route 0.330ns (66.770%))
  Logic Levels:           1  (FDRE=1)

    Location             Delay type                Incr(ns)  Path(ns)    Netlist Resource(s)
  -------------------------------------------------------------------    -------------------
    SLICE_X0Y1           FDRE                         0.000     0.000 r  shifted_bit_reg[2]/C
    SLICE_X0Y1           FDRE (Prop_fdre_C_Q)         0.164     0.164 r  shifted_bit_reg[2]/Q
                         net (fo=1, routed)           0.330     0.494    p_0_out[3]
    SLICE_X0Y1           FDRE                                         r  shifted_bit_reg[3]/D
  -------------------------------------------------------------------    -------------------

Slack:                    inf
  Source:                 Input
                            (input port)
  Destination:            shifted_bit_reg[0]/D
  Path Group:             (none)
  Path Type:              Min at Fast Process Corner
  Data Path Delay:        0.494ns  (logic 0.144ns (29.166%)  route 0.350ns (70.834%))
  Logic Levels:           1  (IBUF=1)

    Location             Delay type                Incr(ns)  Path(ns)    Netlist Resource(s)
  -------------------------------------------------------------------    -------------------
    U7                                                0.000     0.000 r  Input (IN)
                         net (fo=0)                   0.000     0.000    Input
    U7                   IBUF (Prop_ibuf_I_O)         0.144     0.144 r  Input_IBUF_inst/O
                         net (fo=1, routed)           0.350     0.494    Input_IBUF
    SLICE_X0Y1           FDRE                                         r  shifted_bit_reg[0]/D
  -------------------------------------------------------------------    -------------------

Slack:                    inf
  Source:                 R
                            (input port)
  Destination:            shifted_bit_reg[0]/R
  Path Group:             (none)
  Path Type:              Min at Fast Process Corner
  Data Path Delay:        0.510ns  (logic 0.165ns (32.250%)  route 0.346ns (67.750%))
  Logic Levels:           1  (IBUF=1)

    Location             Delay type                Incr(ns)  Path(ns)    Netlist Resource(s)
  -------------------------------------------------------------------    -------------------
    W5                                                0.000     0.000 r  R (IN)
                         net (fo=0)                   0.000     0.000    R
    W5                   IBUF (Prop_ibuf_I_O)         0.165     0.165 r  R_IBUF_inst/O
                         net (fo=4, routed)           0.346     0.510    R_IBUF
    SLICE_X0Y1           FDRE                                         r  shifted_bit_reg[0]/R
  -------------------------------------------------------------------    -------------------

Slack:                    inf
  Source:                 R
                            (input port)
  Destination:            shifted_bit_reg[1]/R
  Path Group:             (none)
  Path Type:              Min at Fast Process Corner
  Data Path Delay:        0.510ns  (logic 0.165ns (32.250%)  route 0.346ns (67.750%))
  Logic Levels:           1  (IBUF=1)

    Location             Delay type                Incr(ns)  Path(ns)    Netlist Resource(s)
  -------------------------------------------------------------------    -------------------
    W5                                                0.000     0.000 r  R (IN)
                         net (fo=0)                   0.000     0.000    R
    W5                   IBUF (Prop_ibuf_I_O)         0.165     0.165 r  R_IBUF_inst/O
                         net (fo=4, routed)           0.346     0.510    R_IBUF
    SLICE_X0Y1           FDRE                                         r  shifted_bit_reg[1]/R
  -------------------------------------------------------------------    -------------------

Slack:                    inf
  Source:                 R
                            (input port)
  Destination:            shifted_bit_reg[2]/R
  Path Group:             (none)
  Path Type:              Min at Fast Process Corner
  Data Path Delay:        0.510ns  (logic 0.165ns (32.250%)  route 0.346ns (67.750%))
  Logic Levels:           1  (IBUF=1)

    Location             Delay type                Incr(ns)  Path(ns)    Netlist Resource(s)
  -------------------------------------------------------------------    -------------------
    W5                                                0.000     0.000 r  R (IN)
                         net (fo=0)                   0.000     0.000    R
    W5                   IBUF (Prop_ibuf_I_O)         0.165     0.165 r  R_IBUF_inst/O
                         net (fo=4, routed)           0.346     0.510    R_IBUF
    SLICE_X0Y1           FDRE                                         r  shifted_bit_reg[2]/R
  -------------------------------------------------------------------    -------------------

Slack:                    inf
  Source:                 R
                            (input port)
  Destination:            shifted_bit_reg[3]/R
  Path Group:             (none)
  Path Type:              Min at Fast Process Corner
  Data Path Delay:        0.510ns  (logic 0.165ns (32.250%)  route 0.346ns (67.750%))
  Logic Levels:           1  (IBUF=1)

    Location             Delay type                Incr(ns)  Path(ns)    Netlist Resource(s)
  -------------------------------------------------------------------    -------------------
    W5                                                0.000     0.000 r  R (IN)
                         net (fo=0)                   0.000     0.000    R
    W5                   IBUF (Prop_ibuf_I_O)         0.165     0.165 r  R_IBUF_inst/O
                         net (fo=4, routed)           0.346     0.510    R_IBUF
    SLICE_X0Y1           FDRE                                         r  shifted_bit_reg[3]/R
  -------------------------------------------------------------------    -------------------

Slack:                    inf
  Source:                 shifted_bit_reg[3]/C
                            (rising edge-triggered cell FDRE)
  Destination:            Output
                            (output port)
  Path Group:             (none)
  Path Type:              Min at Fast Process Corner
  Data Path Delay:        1.609ns  (logic 1.279ns (79.531%)  route 0.329ns (20.469%))
  Logic Levels:           2  (FDRE=1 OBUF=1)

    Location             Delay type                Incr(ns)  Path(ns)    Netlist Resource(s)
  -------------------------------------------------------------------    -------------------
    SLICE_X0Y1           FDRE                         0.000     0.000 r  shifted_bit_reg[3]/C
    SLICE_X0Y1           FDRE (Prop_fdre_C_Q)         0.164     0.164 r  shifted_bit_reg[3]/Q
                         net (fo=1, routed)           0.329     0.493    Output_OBUF
    W6                   OBUF (Prop_obuf_I_O)         1.115     1.609 r  Output_OBUF_inst/O
                         net (fo=0)                   0.000     1.609    Output
    W6                                                                r  Output (OUT)
  -------------------------------------------------------------------    -------------------





