Copyright 1986-2022 Xilinx, Inc. All Rights Reserved. Copyright 2022-2025 Advanced Micro Devices, Inc. All Rights Reserved.
------------------------------------------------------------------------------------------------------------------------------------------------------------------------------------------------------------------------------------------------
| Tool Version : Vivado v.2025.2 (win64) Build 6299465 Fri Nov 14 19:35:11 GMT 2025
| Date         : Tue Mar  3 15:10:26 2026
| Host         : DESKTOP-QU8QVCL running 64-bit major release  (build 9200)
| Command      : report_timing_summary -max_paths 10 -routable_nets -report_unconstrained -file RS_flip_flop_timing_summary_routed.rpt -pb RS_flip_flop_timing_summary_routed.pb -rpx RS_flip_flop_timing_summary_routed.rpx -warn_on_violation
| Design       : RS_flip_flop
| Device       : 7z020-clg484
| Speed File   : -1  PRODUCTION 1.12 2019-11-22
| Design State : Routed
------------------------------------------------------------------------------------------------------------------------------------------------------------------------------------------------------------------------------------------------

Timing Summary Report

------------------------------------------------------------------------------------------------
| Timer Settings
| --------------
------------------------------------------------------------------------------------------------

  Enable Multi Corner Analysis               :  Yes
  Enable Pessimism Removal                   :  Yes
  Pessimism Removal Resolution               :  Nearest Common Node
  Enable Input Delay Default Clock           :  No
  Enable Preset / Clear Arcs                 :  No
  Disable Flight Delays                      :  No
  Ignore I/O Paths                           :  No
  Timing Early Launch at Borrowing Latches   :  No
  Borrow Time for Max Delay Exceptions       :  Yes
  Merge Timing Exceptions                    :  Yes
  Inter-SLR Compensation                     :  Conservative

  Corner  Analyze    Analyze    
  Name    Max Paths  Min Paths  
  ------  ---------  ---------  
  Slow    Yes        Yes        
  Fast    Yes        Yes        


------------------------------------------------------------------------------------------------
| Report Methodology
| ------------------
------------------------------------------------------------------------------------------------

Rule       Severity          Description                  Violations  
---------  ----------------  ---------------------------  ----------  
TIMING-17  Critical Warning  Non-clocked sequential cell  1           

Note: This report is based on the most recent report_methodology run and may not be up-to-date. Run report_methodology on the current design for the latest report.



check_timing report

Table of Contents
-----------------
1. checking no_clock (1)
2. checking constant_clock (0)
3. checking pulse_width_clock (0)
4. checking unconstrained_internal_endpoints (1)
5. checking no_input_delay (2)
6. checking no_output_delay (2)
7. checking multiple_clock (0)
8. checking generated_clocks (0)
9. checking loops (0)
10. checking partial_input_delay (0)
11. checking partial_output_delay (0)
12. checking latch_loops (0)

1. checking no_clock (1)
------------------------
 There is 1 register/latch pin with no clock driven by root clock pin: clk (HIGH)


2. checking constant_clock (0)
------------------------------
 There are 0 register/latch pins with constant_clock.


3. checking pulse_width_clock (0)
---------------------------------
 There are 0 register/latch pins which need pulse_width check


4. checking unconstrained_internal_endpoints (1)
------------------------------------------------
 There is 1 pin that is not constrained for maximum delay. (HIGH)

 There are 0 pins that are not constrained for maximum delay due to constant clock.


5. checking no_input_delay (2)
------------------------------
 There are 2 input ports with no input delay specified. (HIGH)

 There are 0 input ports with no input delay but user has a false path constraint.


6. checking no_output_delay (2)
-------------------------------
 There are 2 ports with no output delay specified. (HIGH)

 There are 0 ports with no output delay but user has a false path constraint

 There are 0 ports with no output delay but with a timing clock defined on it or propagating through it


7. checking multiple_clock (0)
------------------------------
 There are 0 register/latch pins with multiple clocks.


8. checking generated_clocks (0)
--------------------------------
 There are 0 generated clocks that are not connected to a clock source.


9. checking loops (0)
---------------------
 There are 0 combinational loops in the design.


10. checking partial_input_delay (0)
------------------------------------
 There are 0 input ports with partial input delay specified.


11. checking partial_output_delay (0)
-------------------------------------
 There are 0 ports with partial output delay specified.


12. checking latch_loops (0)
----------------------------
 There are 0 combinational latch loops in the design through latch input



------------------------------------------------------------------------------------------------
| Design Timing Summary
| ---------------------
------------------------------------------------------------------------------------------------

    WNS(ns)      TNS(ns)  TNS Failing Endpoints  TNS Total Endpoints      WHS(ns)      THS(ns)  THS Failing Endpoints  THS Total Endpoints     WPWS(ns)     TPWS(ns)  TPWS Failing Endpoints  TPWS Total Endpoints  
    -------      -------  ---------------------  -------------------      -------      -------  ---------------------  -------------------     --------     --------  ----------------------  --------------------  
        inf        0.000                      0                    3          inf        0.000                      0                    3           NA           NA                      NA                    NA  


There are no user specified timing constraints.


------------------------------------------------------------------------------------------------
| Clock Summary
| -------------
------------------------------------------------------------------------------------------------


------------------------------------------------------------------------------------------------
| Intra Clock Table
| -----------------
------------------------------------------------------------------------------------------------

Clock             WNS(ns)      TNS(ns)  TNS Failing Endpoints  TNS Total Endpoints      WHS(ns)      THS(ns)  THS Failing Endpoints  THS Total Endpoints     WPWS(ns)     TPWS(ns)  TPWS Failing Endpoints  TPWS Total Endpoints  
-----             -------      -------  ---------------------  -------------------      -------      -------  ---------------------  -------------------     --------     --------  ----------------------  --------------------  


------------------------------------------------------------------------------------------------
| Inter Clock Table
| -----------------
------------------------------------------------------------------------------------------------

From Clock    To Clock          WNS(ns)      TNS(ns)  TNS Failing Endpoints  TNS Total Endpoints      WHS(ns)      THS(ns)  THS Failing Endpoints  THS Total Endpoints  
----------    --------          -------      -------  ---------------------  -------------------      -------      -------  ---------------------  -------------------  


------------------------------------------------------------------------------------------------
| Other Path Groups Table
| -----------------------
------------------------------------------------------------------------------------------------

Path Group    From Clock    To Clock          WNS(ns)      TNS(ns)  TNS Failing Endpoints  TNS Total Endpoints      WHS(ns)      THS(ns)  THS Failing Endpoints  THS Total Endpoints  
----------    ----------    --------          -------      -------  ---------------------  -------------------      -------      -------  ---------------------  -------------------  


------------------------------------------------------------------------------------------------
| User Ignored Path Table
| -----------------------
------------------------------------------------------------------------------------------------

Path Group    From Clock    To Clock    
----------    ----------    --------    


------------------------------------------------------------------------------------------------
| Unconstrained Path Table
| ------------------------
------------------------------------------------------------------------------------------------

Path Group    From Clock    To Clock    
----------    ----------    --------    
(none)                                    


------------------------------------------------------------------------------------------------
| Timing Details
| --------------
------------------------------------------------------------------------------------------------


--------------------------------------------------------------------------------------
Path Group:  (none)
From Clock:  
  To Clock:  

Max Delay             3 Endpoints
Min Delay             3 Endpoints
--------------------------------------------------------------------------------------


Max Delay Paths
--------------------------------------------------------------------------------------
Slack:                    inf
  Source:                 q_int_reg/C
                            (rising edge-triggered cell FDRE)
  Destination:            Q_inv_out
                            (output port)
  Path Group:             (none)
  Path Type:              Max at Slow Process Corner
  Data Path Delay:        5.807ns  (logic 3.448ns (59.367%)  route 2.360ns (40.633%))
  Logic Levels:           3  (FDRE=1 LUT1=1 OBUF=1)

    Location             Delay type                Incr(ns)  Path(ns)    Netlist Resource(s)
  -------------------------------------------------------------------    -------------------
    SLICE_X0Y2           FDRE                         0.000     0.000 r  q_int_reg/C
    SLICE_X0Y2           FDRE (Prop_fdre_C_Q)         0.518     0.518 f  q_int_reg/Q
                         net (fo=3, routed)           0.533     1.051    Q_out_OBUF
    SLICE_X0Y2           LUT1 (Prop_lut1_I0_O)        0.148     1.199 r  Q_inv_out_OBUF_inst_i_1/O
                         net (fo=1, routed)           1.826     3.026    Q_inv_out_OBUF
    U7                   OBUF (Prop_obuf_I_O)         2.782     5.807 r  Q_inv_out_OBUF_inst/O
                         net (fo=0)                   0.000     5.807    Q_inv_out
    U7                                                                r  Q_inv_out (OUT)
  -------------------------------------------------------------------    -------------------

Slack:                    inf
  Source:                 q_int_reg/C
                            (rising edge-triggered cell FDRE)
  Destination:            Q_out
                            (output port)
  Path Group:             (none)
  Path Type:              Max at Slow Process Corner
  Data Path Delay:        4.798ns  (logic 3.116ns (64.952%)  route 1.682ns (35.048%))
  Logic Levels:           2  (FDRE=1 OBUF=1)

    Location             Delay type                Incr(ns)  Path(ns)    Netlist Resource(s)
  -------------------------------------------------------------------    -------------------
    SLICE_X0Y2           FDRE                         0.000     0.000 r  q_int_reg/C
    SLICE_X0Y2           FDRE (Prop_fdre_C_Q)         0.518     0.518 r  q_int_reg/Q
                         net (fo=3, routed)           1.682     2.200    Q_out_OBUF
    W5                   OBUF (Prop_obuf_I_O)         2.598     4.798 r  Q_out_OBUF_inst/O
                         net (fo=0)                   0.000     4.798    Q_out
    W5                                                                r  Q_out (OUT)
  -------------------------------------------------------------------    -------------------

Slack:                    inf
  Source:                 S
                            (input port)
  Destination:            q_int_reg/D
  Path Group:             (none)
  Path Type:              Max at Slow Process Corner
  Data Path Delay:        2.208ns  (logic 1.050ns (47.540%)  route 1.158ns (52.460%))
  Logic Levels:           2  (IBUF=1 LUT3=1)

    Location             Delay type                Incr(ns)  Path(ns)    Netlist Resource(s)
  -------------------------------------------------------------------    -------------------
    W7                                                0.000     0.000 r  S (IN)
                         net (fo=0)                   0.000     0.000    S
    W7                   IBUF (Prop_ibuf_I_O)         0.926     0.926 r  S_IBUF_inst/O
                         net (fo=1, routed)           1.158     2.084    S_IBUF
    SLICE_X0Y2           LUT3 (Prop_lut3_I1_O)        0.124     2.208 r  q_int_i_1/O
                         net (fo=1, routed)           0.000     2.208    q_int_i_1_n_0
    SLICE_X0Y2           FDRE                                         r  q_int_reg/D
  -------------------------------------------------------------------    -------------------





Min Delay Paths
--------------------------------------------------------------------------------------
Slack:                    inf
  Source:                 q_int_reg/C
                            (rising edge-triggered cell FDRE)
  Destination:            q_int_reg/D
  Path Group:             (none)
  Path Type:              Min at Fast Process Corner
  Data Path Delay:        0.384ns  (logic 0.209ns (54.393%)  route 0.175ns (45.607%))
  Logic Levels:           2  (FDRE=1 LUT3=1)

    Location             Delay type                Incr(ns)  Path(ns)    Netlist Resource(s)
  -------------------------------------------------------------------    -------------------
    SLICE_X0Y2           FDRE                         0.000     0.000 r  q_int_reg/C
    SLICE_X0Y2           FDRE (Prop_fdre_C_Q)         0.164     0.164 r  q_int_reg/Q
                         net (fo=3, routed)           0.175     0.339    Q_out_OBUF
    SLICE_X0Y2           LUT3 (Prop_lut3_I0_O)        0.045     0.384 r  q_int_i_1/O
                         net (fo=1, routed)           0.000     0.384    q_int_i_1_n_0
    SLICE_X0Y2           FDRE                                         r  q_int_reg/D
  -------------------------------------------------------------------    -------------------

Slack:                    inf
  Source:                 q_int_reg/C
                            (rising edge-triggered cell FDRE)
  Destination:            Q_out
                            (output port)
  Path Group:             (none)
  Path Type:              Min at Fast Process Corner
  Data Path Delay:        1.627ns  (logic 1.279ns (78.640%)  route 0.348ns (21.360%))
  Logic Levels:           2  (FDRE=1 OBUF=1)

    Location             Delay type                Incr(ns)  Path(ns)    Netlist Resource(s)
  -------------------------------------------------------------------    -------------------
    SLICE_X0Y2           FDRE                         0.000     0.000 r  q_int_reg/C
    SLICE_X0Y2           FDRE (Prop_fdre_C_Q)         0.164     0.164 r  q_int_reg/Q
                         net (fo=3, routed)           0.348     0.512    Q_out_OBUF
    W5                   OBUF (Prop_obuf_I_O)         1.115     1.627 r  Q_out_OBUF_inst/O
                         net (fo=0)                   0.000     1.627    Q_out
    W5                                                                r  Q_out (OUT)
  -------------------------------------------------------------------    -------------------

Slack:                    inf
  Source:                 q_int_reg/C
                            (rising edge-triggered cell FDRE)
  Destination:            Q_inv_out
                            (output port)
  Path Group:             (none)
  Path Type:              Min at Fast Process Corner
  Data Path Delay:        1.919ns  (logic 1.368ns (71.298%)  route 0.551ns (28.702%))
  Logic Levels:           3  (FDRE=1 LUT1=1 OBUF=1)

    Location             Delay type                Incr(ns)  Path(ns)    Netlist Resource(s)
  -------------------------------------------------------------------    -------------------
    SLICE_X0Y2           FDRE                         0.000     0.000 r  q_int_reg/C
    SLICE_X0Y2           FDRE (Prop_fdre_C_Q)         0.164     0.164 f  q_int_reg/Q
                         net (fo=3, routed)           0.175     0.339    Q_out_OBUF
    SLICE_X0Y2           LUT1 (Prop_lut1_I0_O)        0.043     0.382 r  Q_inv_out_OBUF_inst_i_1/O
                         net (fo=1, routed)           0.375     0.758    Q_inv_out_OBUF
    U7                   OBUF (Prop_obuf_I_O)         1.161     1.919 r  Q_inv_out_OBUF_inst/O
                         net (fo=0)                   0.000     1.919    Q_inv_out
    U7                                                                r  Q_inv_out (OUT)
  -------------------------------------------------------------------    -------------------





