Copyright 1986-2022 Xilinx, Inc. All Rights Reserved. Copyright 2022-2025 Advanced Micro Devices, Inc. All Rights Reserved.
---------------------------------------------------------------------------------------------------------------------------------------------------------------------------------------------------------------------------------------------------------------
| Tool Version : Vivado v.2025.2 (win64) Build 6299465 Fri Nov 14 19:35:11 GMT 2025
| Date         : Tue Mar 17 14:33:29 2026
| Host         : DESKTOP-QU8QVCL running 64-bit major release  (build 9200)
| Command      : report_timing_summary -max_paths 10 -routable_nets -report_unconstrained -file nonOverlappingSeq_timing_summary_routed.rpt -pb nonOverlappingSeq_timing_summary_routed.pb -rpx nonOverlappingSeq_timing_summary_routed.rpx -warn_on_violation
| Design       : nonOverlappingSeq
| Device       : 7z020-clg484
| Speed File   : -1  PRODUCTION 1.12 2019-11-22
| Design State : Routed
---------------------------------------------------------------------------------------------------------------------------------------------------------------------------------------------------------------------------------------------------------------

Timing Summary Report

------------------------------------------------------------------------------------------------
| Timer Settings
| --------------
------------------------------------------------------------------------------------------------

  Enable Multi Corner Analysis               :  Yes
  Enable Pessimism Removal                   :  Yes
  Pessimism Removal Resolution               :  Nearest Common Node
  Enable Input Delay Default Clock           :  No
  Enable Preset / Clear Arcs                 :  No
  Disable Flight Delays                      :  No
  Ignore I/O Paths                           :  No
  Timing Early Launch at Borrowing Latches   :  No
  Borrow Time for Max Delay Exceptions       :  Yes
  Merge Timing Exceptions                    :  Yes
  Inter-SLR Compensation                     :  Conservative

  Corner  Analyze    Analyze    
  Name    Max Paths  Min Paths  
  ------  ---------  ---------  
  Slow    Yes        Yes        
  Fast    Yes        Yes        


------------------------------------------------------------------------------------------------
| Report Methodology
| ------------------
------------------------------------------------------------------------------------------------

Rule       Severity          Description                  Violations  
---------  ----------------  ---------------------------  ----------  
TIMING-17  Critical Warning  Non-clocked sequential cell  2           

Note: This report is based on the most recent report_methodology run and may not be up-to-date. Run report_methodology on the current design for the latest report.



check_timing report

Table of Contents
-----------------
1. checking no_clock (2)
2. checking constant_clock (0)
3. checking pulse_width_clock (0)
4. checking unconstrained_internal_endpoints (2)
5. checking no_input_delay (2)
6. checking no_output_delay (1)
7. checking multiple_clock (0)
8. checking generated_clocks (0)
9. checking loops (0)
10. checking partial_input_delay (0)
11. checking partial_output_delay (0)
12. checking latch_loops (0)

1. checking no_clock (2)
------------------------
 There are 2 register/latch pins with no clock driven by root clock pin: clk (HIGH)


2. checking constant_clock (0)
------------------------------
 There are 0 register/latch pins with constant_clock.


3. checking pulse_width_clock (0)
---------------------------------
 There are 0 register/latch pins which need pulse_width check


4. checking unconstrained_internal_endpoints (2)
------------------------------------------------
 There are 2 pins that are not constrained for maximum delay. (HIGH)

 There are 0 pins that are not constrained for maximum delay due to constant clock.


5. checking no_input_delay (2)
------------------------------
 There are 2 input ports with no input delay specified. (HIGH)

 There are 0 input ports with no input delay but user has a false path constraint.


6. checking no_output_delay (1)
-------------------------------
 There is 1 port with no output delay specified. (HIGH)

 There are 0 ports with no output delay but user has a false path constraint

 There are 0 ports with no output delay but with a timing clock defined on it or propagating through it


7. checking multiple_clock (0)
------------------------------
 There are 0 register/latch pins with multiple clocks.


8. checking generated_clocks (0)
--------------------------------
 There are 0 generated clocks that are not connected to a clock source.


9. checking loops (0)
---------------------
 There are 0 combinational loops in the design.


10. checking partial_input_delay (0)
------------------------------------
 There are 0 input ports with partial input delay specified.


11. checking partial_output_delay (0)
-------------------------------------
 There are 0 ports with partial output delay specified.


12. checking latch_loops (0)
----------------------------
 There are 0 combinational latch loops in the design through latch input



------------------------------------------------------------------------------------------------
| Design Timing Summary
| ---------------------
------------------------------------------------------------------------------------------------

    WNS(ns)      TNS(ns)  TNS Failing Endpoints  TNS Total Endpoints      WHS(ns)      THS(ns)  THS Failing Endpoints  THS Total Endpoints     WPWS(ns)     TPWS(ns)  TPWS Failing Endpoints  TPWS Total Endpoints  
    -------      -------  ---------------------  -------------------      -------      -------  ---------------------  -------------------     --------     --------  ----------------------  --------------------  
        inf        0.000                      0                    3          inf        0.000                      0                    3           NA           NA                      NA                    NA  


There are no user specified timing constraints.


------------------------------------------------------------------------------------------------
| Clock Summary
| -------------
------------------------------------------------------------------------------------------------


------------------------------------------------------------------------------------------------
| Intra Clock Table
| -----------------
------------------------------------------------------------------------------------------------

Clock             WNS(ns)      TNS(ns)  TNS Failing Endpoints  TNS Total Endpoints      WHS(ns)      THS(ns)  THS Failing Endpoints  THS Total Endpoints     WPWS(ns)     TPWS(ns)  TPWS Failing Endpoints  TPWS Total Endpoints  
-----             -------      -------  ---------------------  -------------------      -------      -------  ---------------------  -------------------     --------     --------  ----------------------  --------------------  


------------------------------------------------------------------------------------------------
| Inter Clock Table
| -----------------
------------------------------------------------------------------------------------------------

From Clock    To Clock          WNS(ns)      TNS(ns)  TNS Failing Endpoints  TNS Total Endpoints      WHS(ns)      THS(ns)  THS Failing Endpoints  THS Total Endpoints  
----------    --------          -------      -------  ---------------------  -------------------      -------      -------  ---------------------  -------------------  


------------------------------------------------------------------------------------------------
| Other Path Groups Table
| -----------------------
------------------------------------------------------------------------------------------------

Path Group    From Clock    To Clock          WNS(ns)      TNS(ns)  TNS Failing Endpoints  TNS Total Endpoints      WHS(ns)      THS(ns)  THS Failing Endpoints  THS Total Endpoints  
----------    ----------    --------          -------      -------  ---------------------  -------------------      -------      -------  ---------------------  -------------------  


------------------------------------------------------------------------------------------------
| User Ignored Path Table
| -----------------------
------------------------------------------------------------------------------------------------

Path Group    From Clock    To Clock    
----------    ----------    --------    


------------------------------------------------------------------------------------------------
| Unconstrained Path Table
| ------------------------
------------------------------------------------------------------------------------------------

Path Group    From Clock    To Clock    
----------    ----------    --------    
(none)                                    


------------------------------------------------------------------------------------------------
| Timing Details
| --------------
------------------------------------------------------------------------------------------------


--------------------------------------------------------------------------------------
Path Group:  (none)
From Clock:  
  To Clock:  

Max Delay             3 Endpoints
Min Delay             3 Endpoints
--------------------------------------------------------------------------------------


Max Delay Paths
--------------------------------------------------------------------------------------
Slack:                    inf
  Source:                 input
                            (input port)
  Destination:            output
                            (output port)
  Path Group:             (none)
  Path Type:              Max at Slow Process Corner
  Data Path Delay:        6.703ns  (logic 3.637ns (54.256%)  route 3.066ns (45.744%))
  Logic Levels:           3  (IBUF=1 LUT3=1 OBUF=1)

    Location             Delay type                Incr(ns)  Path(ns)    Netlist Resource(s)
  -------------------------------------------------------------------    -------------------
    U7                                                0.000     0.000 r  input (IN)
                         net (fo=0)                   0.000     0.000    input
    U7                   IBUF (Prop_ibuf_I_O)         0.915     0.915 r  output_INST_0_i_2/O
                         net (fo=3, routed)           1.392     2.307    output_INST_0_i_2_n_0
    SLICE_X0Y1           LUT3 (Prop_lut3_I1_O)        0.124     2.431 r  output_INST_0_i_1/O
                         net (fo=1, routed)           1.674     4.105    output_INST_0_i_1_n_0
    W6                   OBUF (Prop_obuf_I_O)         2.598     6.703 r  output_INST_0/O
                         net (fo=0)                   0.000     6.703    output
    W6                                                                r  output (OUT)
  -------------------------------------------------------------------    -------------------

Slack:                    inf
  Source:                 input
                            (input port)
  Destination:            FSM_sequential_present_state_reg[1]/D
  Path Group:             (none)
  Path Type:              Max at Slow Process Corner
  Data Path Delay:        2.795ns  (logic 1.067ns (38.166%)  route 1.728ns (61.834%))
  Logic Levels:           2  (IBUF=1 LUT4=1)

    Location             Delay type                Incr(ns)  Path(ns)    Netlist Resource(s)
  -------------------------------------------------------------------    -------------------
    U7                                                0.000     0.000 f  input (IN)
                         net (fo=0)                   0.000     0.000    input
    U7                   IBUF (Prop_ibuf_I_O)         0.915     0.915 f  output_INST_0_i_2/O
                         net (fo=3, routed)           1.392     2.307    output_INST_0_i_2_n_0
    SLICE_X0Y1           LUT4 (Prop_lut4_I0_O)        0.152     2.459 r  FSM_sequential_present_state[1]_i_1/O
                         net (fo=1, routed)           0.336     2.795    FSM_sequential_present_state[1]_i_1_n_0
    SLICE_X0Y1           FDRE                                         r  FSM_sequential_present_state_reg[1]/D
  -------------------------------------------------------------------    -------------------

Slack:                    inf
  Source:                 input
                            (input port)
  Destination:            FSM_sequential_present_state_reg[0]/D
  Path Group:             (none)
  Path Type:              Max at Slow Process Corner
  Data Path Delay:        2.280ns  (logic 1.039ns (45.563%)  route 1.241ns (54.437%))
  Logic Levels:           2  (IBUF=1 LUT3=1)

    Location             Delay type                Incr(ns)  Path(ns)    Netlist Resource(s)
  -------------------------------------------------------------------    -------------------
    U7                                                0.000     0.000 r  input (IN)
                         net (fo=0)                   0.000     0.000    input
    U7                   IBUF (Prop_ibuf_I_O)         0.915     0.915 r  output_INST_0_i_2/O
                         net (fo=3, routed)           1.241     2.156    output_INST_0_i_2_n_0
    SLICE_X0Y1           LUT3 (Prop_lut3_I1_O)        0.124     2.280 r  FSM_sequential_present_state[0]_i_1/O
                         net (fo=1, routed)           0.000     2.280    FSM_sequential_present_state[0]_i_1_n_0
    SLICE_X0Y1           FDRE                                         r  FSM_sequential_present_state_reg[0]/D
  -------------------------------------------------------------------    -------------------





Min Delay Paths
--------------------------------------------------------------------------------------
Slack:                    inf
  Source:                 FSM_sequential_present_state_reg[1]/C
                            (rising edge-triggered cell FDRE)
  Destination:            FSM_sequential_present_state_reg[0]/D
  Path Group:             (none)
  Path Type:              Min at Fast Process Corner
  Data Path Delay:        0.319ns  (logic 0.246ns (77.056%)  route 0.073ns (22.944%))
  Logic Levels:           2  (FDRE=1 LUT3=1)

    Location             Delay type                Incr(ns)  Path(ns)    Netlist Resource(s)
  -------------------------------------------------------------------    -------------------
    SLICE_X0Y1           FDRE                         0.000     0.000 r  FSM_sequential_present_state_reg[1]/C
    SLICE_X0Y1           FDRE (Prop_fdre_C_Q)         0.148     0.148 f  FSM_sequential_present_state_reg[1]/Q
                         net (fo=3, routed)           0.073     0.221    present_state[1]
    SLICE_X0Y1           LUT3 (Prop_lut3_I0_O)        0.098     0.319 r  FSM_sequential_present_state[0]_i_1/O
                         net (fo=1, routed)           0.000     0.319    FSM_sequential_present_state[0]_i_1_n_0
    SLICE_X0Y1           FDRE                                         r  FSM_sequential_present_state_reg[0]/D
  -------------------------------------------------------------------    -------------------

Slack:                    inf
  Source:                 FSM_sequential_present_state_reg[0]/C
                            (rising edge-triggered cell FDRE)
  Destination:            FSM_sequential_present_state_reg[1]/D
  Path Group:             (none)
  Path Type:              Min at Fast Process Corner
  Data Path Delay:        0.486ns  (logic 0.207ns (42.583%)  route 0.279ns (57.417%))
  Logic Levels:           2  (FDRE=1 LUT4=1)

    Location             Delay type                Incr(ns)  Path(ns)    Netlist Resource(s)
  -------------------------------------------------------------------    -------------------
    SLICE_X0Y1           FDRE                         0.000     0.000 r  FSM_sequential_present_state_reg[0]/C
    SLICE_X0Y1           FDRE (Prop_fdre_C_Q)         0.164     0.164 r  FSM_sequential_present_state_reg[0]/Q
                         net (fo=2, routed)           0.163     0.327    present_state[0]
    SLICE_X0Y1           LUT4 (Prop_lut4_I1_O)        0.043     0.370 r  FSM_sequential_present_state[1]_i_1/O
                         net (fo=1, routed)           0.116     0.486    FSM_sequential_present_state[1]_i_1_n_0
    SLICE_X0Y1           FDRE                                         r  FSM_sequential_present_state_reg[1]/D
  -------------------------------------------------------------------    -------------------

Slack:                    inf
  Source:                 FSM_sequential_present_state_reg[0]/C
                            (rising edge-triggered cell FDRE)
  Destination:            output
                            (output port)
  Path Group:             (none)
  Path Type:              Min at Fast Process Corner
  Data Path Delay:        1.813ns  (logic 1.324ns (73.064%)  route 0.488ns (26.936%))
  Logic Levels:           3  (FDRE=1 LUT3=1 OBUF=1)

    Location             Delay type                Incr(ns)  Path(ns)    Netlist Resource(s)
  -------------------------------------------------------------------    -------------------
    SLICE_X0Y1           FDRE                         0.000     0.000 r  FSM_sequential_present_state_reg[0]/C
    SLICE_X0Y1           FDRE (Prop_fdre_C_Q)         0.164     0.164 f  FSM_sequential_present_state_reg[0]/Q
                         net (fo=2, routed)           0.163     0.327    present_state[0]
    SLICE_X0Y1           LUT3 (Prop_lut3_I0_O)        0.045     0.372 r  output_INST_0_i_1/O
                         net (fo=1, routed)           0.325     0.697    output_INST_0_i_1_n_0
    W6                   OBUF (Prop_obuf_I_O)         1.115     1.813 r  output_INST_0/O
                         net (fo=0)                   0.000     1.813    output
    W6                                                                r  output (OUT)
  -------------------------------------------------------------------    -------------------





