Copyright 1986-2022 Xilinx, Inc. All Rights Reserved. Copyright 2022-2025 Advanced Micro Devices, Inc. All Rights Reserved.
------------------------------------------------------------------------------------------------------------------------------------------------------------------------------------------------------------------------------------------------
| Tool Version : Vivado v.2025.2 (win64) Build 6299465 Fri Nov 14 19:35:11 GMT 2025
| Date         : Mon Feb 23 18:52:36 2026
| Host         : DESKTOP-QU8QVCL running 64-bit major release  (build 9200)
| Command      : report_timing_summary -max_paths 10 -routable_nets -report_unconstrained -file assignment_1_timing_summary_routed.rpt -pb assignment_1_timing_summary_routed.pb -rpx assignment_1_timing_summary_routed.rpx -warn_on_violation
| Design       : assignment_1
| Device       : 7z020-clg484
| Speed File   : -1  PRODUCTION 1.12 2019-11-22
| Design State : Routed
------------------------------------------------------------------------------------------------------------------------------------------------------------------------------------------------------------------------------------------------

Timing Summary Report

------------------------------------------------------------------------------------------------
| Timer Settings
| --------------
------------------------------------------------------------------------------------------------

  Enable Multi Corner Analysis               :  Yes
  Enable Pessimism Removal                   :  Yes
  Pessimism Removal Resolution               :  Nearest Common Node
  Enable Input Delay Default Clock           :  No
  Enable Preset / Clear Arcs                 :  No
  Disable Flight Delays                      :  No
  Ignore I/O Paths                           :  No
  Timing Early Launch at Borrowing Latches   :  No
  Borrow Time for Max Delay Exceptions       :  Yes
  Merge Timing Exceptions                    :  Yes
  Inter-SLR Compensation                     :  Conservative

  Corner  Analyze    Analyze    
  Name    Max Paths  Min Paths  
  ------  ---------  ---------  
  Slow    Yes        Yes        
  Fast    Yes        Yes        


------------------------------------------------------------------------------------------------
| Report Methodology
| ------------------
------------------------------------------------------------------------------------------------

No report available as report_methodology has not been run prior. Run report_methodology on the current design for the summary of methodology violations.



check_timing report

Table of Contents
-----------------
1. checking no_clock (0)
2. checking constant_clock (0)
3. checking pulse_width_clock (0)
4. checking unconstrained_internal_endpoints (0)
5. checking no_input_delay (0)
6. checking no_output_delay (0)
7. checking multiple_clock (0)
8. checking generated_clocks (0)
9. checking loops (0)
10. checking partial_input_delay (0)
11. checking partial_output_delay (0)
12. checking latch_loops (0)

1. checking no_clock (0)
------------------------
 There are 0 register/latch pins with no clock.


2. checking constant_clock (0)
------------------------------
 There are 0 register/latch pins with constant_clock.


3. checking pulse_width_clock (0)
---------------------------------
 There are 0 register/latch pins which need pulse_width check


4. checking unconstrained_internal_endpoints (0)
------------------------------------------------
 There are 0 pins that are not constrained for maximum delay.

 There are 0 pins that are not constrained for maximum delay due to constant clock.


5. checking no_input_delay (0)
------------------------------
 There are 0 input ports with no input delay specified.

 There are 0 input ports with no input delay but user has a false path constraint.


6. checking no_output_delay (0)
-------------------------------
 There are 0 ports with no output delay specified.

 There are 0 ports with no output delay but user has a false path constraint

 There are 0 ports with no output delay but with a timing clock defined on it or propagating through it


7. checking multiple_clock (0)
------------------------------
 There are 0 register/latch pins with multiple clocks.


8. checking generated_clocks (0)
--------------------------------
 There are 0 generated clocks that are not connected to a clock source.


9. checking loops (0)
---------------------
 There are 0 combinational loops in the design.


10. checking partial_input_delay (0)
------------------------------------
 There are 0 input ports with partial input delay specified.


11. checking partial_output_delay (0)
-------------------------------------
 There are 0 ports with partial output delay specified.


12. checking latch_loops (0)
----------------------------
 There are 0 combinational latch loops in the design through latch input



------------------------------------------------------------------------------------------------
| Design Timing Summary
| ---------------------
------------------------------------------------------------------------------------------------

    WNS(ns)      TNS(ns)  TNS Failing Endpoints  TNS Total Endpoints      WHS(ns)      THS(ns)  THS Failing Endpoints  THS Total Endpoints     WPWS(ns)     TPWS(ns)  TPWS Failing Endpoints  TPWS Total Endpoints  
    -------      -------  ---------------------  -------------------      -------      -------  ---------------------  -------------------     --------     --------  ----------------------  --------------------  
        inf        0.000                      0                    9          inf        0.000                      0                    9           NA           NA                      NA                    NA  


There are no user specified timing constraints.


------------------------------------------------------------------------------------------------
| Clock Summary
| -------------
------------------------------------------------------------------------------------------------


------------------------------------------------------------------------------------------------
| Intra Clock Table
| -----------------
------------------------------------------------------------------------------------------------

Clock             WNS(ns)      TNS(ns)  TNS Failing Endpoints  TNS Total Endpoints      WHS(ns)      THS(ns)  THS Failing Endpoints  THS Total Endpoints     WPWS(ns)     TPWS(ns)  TPWS Failing Endpoints  TPWS Total Endpoints  
-----             -------      -------  ---------------------  -------------------      -------      -------  ---------------------  -------------------     --------     --------  ----------------------  --------------------  


------------------------------------------------------------------------------------------------
| Inter Clock Table
| -----------------
------------------------------------------------------------------------------------------------

From Clock    To Clock          WNS(ns)      TNS(ns)  TNS Failing Endpoints  TNS Total Endpoints      WHS(ns)      THS(ns)  THS Failing Endpoints  THS Total Endpoints  
----------    --------          -------      -------  ---------------------  -------------------      -------      -------  ---------------------  -------------------  


------------------------------------------------------------------------------------------------
| Other Path Groups Table
| -----------------------
------------------------------------------------------------------------------------------------

Path Group    From Clock    To Clock          WNS(ns)      TNS(ns)  TNS Failing Endpoints  TNS Total Endpoints      WHS(ns)      THS(ns)  THS Failing Endpoints  THS Total Endpoints  
----------    ----------    --------          -------      -------  ---------------------  -------------------      -------      -------  ---------------------  -------------------  


------------------------------------------------------------------------------------------------
| User Ignored Path Table
| -----------------------
------------------------------------------------------------------------------------------------

Path Group    From Clock    To Clock    
----------    ----------    --------    


------------------------------------------------------------------------------------------------
| Unconstrained Path Table
| ------------------------
------------------------------------------------------------------------------------------------

Path Group    From Clock    To Clock    
----------    ----------    --------    
(none)                                    


------------------------------------------------------------------------------------------------
| Timing Details
| --------------
------------------------------------------------------------------------------------------------


--------------------------------------------------------------------------------------
Path Group:  (none)
From Clock:  
  To Clock:  

Max Delay             9 Endpoints
Min Delay             9 Endpoints
--------------------------------------------------------------------------------------


Max Delay Paths
--------------------------------------------------------------------------------------
Slack:                    inf
  Source:                 Cin
                            (input port)
  Destination:            AluOut[7]
                            (output port)
  Path Group:             (none)
  Path Type:              Max at Slow Process Corner
  Data Path Delay:        10.471ns  (logic 4.100ns (39.157%)  route 6.371ns (60.843%))
  Logic Levels:           6  (IBUF=1 LUT5=2 LUT6=2 OBUF=1)

    Location             Delay type                Incr(ns)  Path(ns)    Netlist Resource(s)
  -------------------------------------------------------------------    -------------------
    AB5                                               0.000     0.000 r  Cin (IN)
                         net (fo=0)                   0.000     0.000    Cin
    AB5                  IBUF (Prop_ibuf_I_O)         0.966     0.966 r  Cin_IBUF_inst/O
                         net (fo=3, routed)           1.628     2.594    Cin_IBUF
    SLICE_X1Y12          LUT5 (Prop_lut5_I4_O)        0.124     2.718 r  AluOut_OBUF[2]_inst_i_2/O
                         net (fo=4, routed)           0.841     3.559    c1/C_int_1__1
    SLICE_X0Y11          LUT6 (Prop_lut6_I0_O)        0.124     3.683 r  AluOut_OBUF[7]_inst_i_4/O
                         net (fo=1, routed)           1.006     4.689    C_int_40
    SLICE_X0Y12          LUT6 (Prop_lut6_I5_O)        0.124     4.813 r  AluOut_OBUF[7]_inst_i_2/O
                         net (fo=1, routed)           0.796     5.609    c1/C_int_6__1
    SLICE_X0Y13          LUT5 (Prop_lut5_I0_O)        0.124     5.733 r  AluOut_OBUF[7]_inst_i_1/O
                         net (fo=1, routed)           2.100     7.832    AluOut_OBUF[7]
    Y9                   OBUF (Prop_obuf_I_O)         2.638    10.471 r  AluOut_OBUF[7]_inst/O
                         net (fo=0)                   0.000    10.471    AluOut[7]
    Y9                                                                r  AluOut[7] (OUT)
  -------------------------------------------------------------------    -------------------

Slack:                    inf
  Source:                 Cin
                            (input port)
  Destination:            Cout
                            (output port)
  Path Group:             (none)
  Path Type:              Max at Slow Process Corner
  Data Path Delay:        10.227ns  (logic 4.127ns (40.359%)  route 6.099ns (59.641%))
  Logic Levels:           6  (IBUF=1 LUT5=4 OBUF=1)

    Location             Delay type                Incr(ns)  Path(ns)    Netlist Resource(s)
  -------------------------------------------------------------------    -------------------
    AB5                                               0.000     0.000 r  Cin (IN)
                         net (fo=0)                   0.000     0.000    Cin
    AB5                  IBUF (Prop_ibuf_I_O)         0.966     0.966 r  Cin_IBUF_inst/O
                         net (fo=3, routed)           1.628     2.594    Cin_IBUF
    SLICE_X1Y12          LUT5 (Prop_lut5_I4_O)        0.124     2.718 r  AluOut_OBUF[2]_inst_i_2/O
                         net (fo=4, routed)           0.831     3.549    c1/C_int_1__1
    SLICE_X0Y11          LUT5 (Prop_lut5_I4_O)        0.124     3.673 r  AluOut_OBUF[4]_inst_i_2/O
                         net (fo=3, routed)           0.435     4.108    c1/C_int_3__1
    SLICE_X0Y12          LUT5 (Prop_lut5_I4_O)        0.124     4.232 r  Cout_OBUF_inst_i_2/O
                         net (fo=2, routed)           0.959     5.191    c1/C_int_5__1
    SLICE_X0Y13          LUT5 (Prop_lut5_I4_O)        0.124     5.315 r  Cout_OBUF_inst_i_1/O
                         net (fo=1, routed)           2.246     7.561    Cout_OBUF
    AA8                  OBUF (Prop_obuf_I_O)         2.666    10.227 r  Cout_OBUF_inst/O
                         net (fo=0)                   0.000    10.227    Cout
    AA8                                                               r  Cout (OUT)
  -------------------------------------------------------------------    -------------------

Slack:                    inf
  Source:                 Cin
                            (input port)
  Destination:            AluOut[5]
                            (output port)
  Path Group:             (none)
  Path Type:              Max at Slow Process Corner
  Data Path Delay:        9.712ns  (logic 4.290ns (44.174%)  route 5.422ns (55.826%))
  Logic Levels:           6  (IBUF=1 LUT3=1 LUT5=3 OBUF=1)

    Location             Delay type                Incr(ns)  Path(ns)    Netlist Resource(s)
  -------------------------------------------------------------------    -------------------
    AB5                                               0.000     0.000 r  Cin (IN)
                         net (fo=0)                   0.000     0.000    Cin
    AB5                  IBUF (Prop_ibuf_I_O)         0.966     0.966 r  Cin_IBUF_inst/O
                         net (fo=3, routed)           1.628     2.594    Cin_IBUF
    SLICE_X1Y12          LUT5 (Prop_lut5_I4_O)        0.124     2.718 r  AluOut_OBUF[2]_inst_i_2/O
                         net (fo=4, routed)           0.831     3.549    c1/C_int_1__1
    SLICE_X0Y11          LUT5 (Prop_lut5_I4_O)        0.124     3.673 r  AluOut_OBUF[4]_inst_i_2/O
                         net (fo=3, routed)           0.424     4.097    c1/C_int_3__1
    SLICE_X0Y12          LUT3 (Prop_lut3_I2_O)        0.116     4.213 r  AluOut_OBUF[5]_inst_i_2/O
                         net (fo=1, routed)           0.469     4.682    c1/C_int_4__1
    SLICE_X0Y12          LUT5 (Prop_lut5_I0_O)        0.328     5.010 r  AluOut_OBUF[5]_inst_i_1/O
                         net (fo=1, routed)           2.069     7.079    AluOut_OBUF[5]
    Y6                   OBUF (Prop_obuf_I_O)         2.632     9.712 r  AluOut_OBUF[5]_inst/O
                         net (fo=0)                   0.000     9.712    AluOut[5]
    Y6                                                                r  AluOut[5] (OUT)
  -------------------------------------------------------------------    -------------------

Slack:                    inf
  Source:                 Cin
                            (input port)
  Destination:            AluOut[6]
                            (output port)
  Path Group:             (none)
  Path Type:              Max at Slow Process Corner
  Data Path Delay:        9.388ns  (logic 4.108ns (43.758%)  route 5.280ns (56.242%))
  Logic Levels:           6  (IBUF=1 LUT5=4 OBUF=1)

    Location             Delay type                Incr(ns)  Path(ns)    Netlist Resource(s)
  -------------------------------------------------------------------    -------------------
    AB5                                               0.000     0.000 r  Cin (IN)
                         net (fo=0)                   0.000     0.000    Cin
    AB5                  IBUF (Prop_ibuf_I_O)         0.966     0.966 r  Cin_IBUF_inst/O
                         net (fo=3, routed)           1.628     2.594    Cin_IBUF
    SLICE_X1Y12          LUT5 (Prop_lut5_I4_O)        0.124     2.718 r  AluOut_OBUF[2]_inst_i_2/O
                         net (fo=4, routed)           0.831     3.549    c1/C_int_1__1
    SLICE_X0Y11          LUT5 (Prop_lut5_I4_O)        0.124     3.673 r  AluOut_OBUF[4]_inst_i_2/O
                         net (fo=3, routed)           0.435     4.108    c1/C_int_3__1
    SLICE_X0Y12          LUT5 (Prop_lut5_I4_O)        0.124     4.232 r  Cout_OBUF_inst_i_2/O
                         net (fo=2, routed)           0.436     4.668    c1/C_int_5__1
    SLICE_X0Y13          LUT5 (Prop_lut5_I0_O)        0.124     4.792 r  AluOut_OBUF[6]_inst_i_1/O
                         net (fo=1, routed)           1.950     6.742    AluOut_OBUF[6]
    Y8                   OBUF (Prop_obuf_I_O)         2.646     9.388 r  AluOut_OBUF[6]_inst/O
                         net (fo=0)                   0.000     9.388    AluOut[6]
    Y8                                                                r  AluOut[6] (OUT)
  -------------------------------------------------------------------    -------------------

Slack:                    inf
  Source:                 Cin
                            (input port)
  Destination:            AluOut[3]
                            (output port)
  Path Group:             (none)
  Path Type:              Max at Slow Process Corner
  Data Path Delay:        9.264ns  (logic 4.223ns (45.586%)  route 5.041ns (54.414%))
  Logic Levels:           5  (IBUF=1 LUT3=1 LUT5=2 OBUF=1)

    Location             Delay type                Incr(ns)  Path(ns)    Netlist Resource(s)
  -------------------------------------------------------------------    -------------------
    AB5                                               0.000     0.000 r  Cin (IN)
                         net (fo=0)                   0.000     0.000    Cin
    AB5                  IBUF (Prop_ibuf_I_O)         0.966     0.966 r  Cin_IBUF_inst/O
                         net (fo=3, routed)           1.628     2.594    Cin_IBUF
    SLICE_X1Y12          LUT5 (Prop_lut5_I4_O)        0.124     2.718 r  AluOut_OBUF[2]_inst_i_2/O
                         net (fo=4, routed)           0.679     3.397    c1/C_int_1__1
    SLICE_X1Y12          LUT3 (Prop_lut3_I2_O)        0.152     3.549 r  AluOut_OBUF[3]_inst_i_2/O
                         net (fo=1, routed)           0.825     4.374    c1/C_int_2__1
    SLICE_X0Y13          LUT5 (Prop_lut5_I0_O)        0.332     4.706 r  AluOut_OBUF[3]_inst_i_1/O
                         net (fo=1, routed)           1.909     6.615    AluOut_OBUF[3]
    AA7                  OBUF (Prop_obuf_I_O)         2.650     9.264 r  AluOut_OBUF[3]_inst/O
                         net (fo=0)                   0.000     9.264    AluOut[3]
    AA7                                                               r  AluOut[3] (OUT)
  -------------------------------------------------------------------    -------------------

Slack:                    inf
  Source:                 Cin
                            (input port)
  Destination:            AluOut[4]
                            (output port)
  Path Group:             (none)
  Path Type:              Max at Slow Process Corner
  Data Path Delay:        8.897ns  (logic 3.965ns (44.561%)  route 4.932ns (55.439%))
  Logic Levels:           5  (IBUF=1 LUT5=3 OBUF=1)

    Location             Delay type                Incr(ns)  Path(ns)    Netlist Resource(s)
  -------------------------------------------------------------------    -------------------
    AB5                                               0.000     0.000 r  Cin (IN)
                         net (fo=0)                   0.000     0.000    Cin
    AB5                  IBUF (Prop_ibuf_I_O)         0.966     0.966 r  Cin_IBUF_inst/O
                         net (fo=3, routed)           1.628     2.594    Cin_IBUF
    SLICE_X1Y12          LUT5 (Prop_lut5_I4_O)        0.124     2.718 r  AluOut_OBUF[2]_inst_i_2/O
                         net (fo=4, routed)           0.831     3.549    c1/C_int_1__1
    SLICE_X0Y11          LUT5 (Prop_lut5_I4_O)        0.124     3.673 r  AluOut_OBUF[4]_inst_i_2/O
                         net (fo=3, routed)           0.424     4.097    c1/C_int_3__1
    SLICE_X0Y12          LUT5 (Prop_lut5_I0_O)        0.124     4.221 r  AluOut_OBUF[4]_inst_i_1/O
                         net (fo=1, routed)           2.049     6.270    AluOut_OBUF[4]
    Y5                   OBUF (Prop_obuf_I_O)         2.627     8.897 r  AluOut_OBUF[4]_inst/O
                         net (fo=0)                   0.000     8.897    AluOut[4]
    Y5                                                                r  AluOut[4] (OUT)
  -------------------------------------------------------------------    -------------------

Slack:                    inf
  Source:                 A[0]
                            (input port)
  Destination:            AluOut[1]
                            (output port)
  Path Group:             (none)
  Path Type:              Max at Slow Process Corner
  Data Path Delay:        8.170ns  (logic 3.814ns (46.687%)  route 4.356ns (53.313%))
  Logic Levels:           4  (IBUF=1 LUT3=1 LUT5=1 OBUF=1)

    Location             Delay type                Incr(ns)  Path(ns)    Netlist Resource(s)
  -------------------------------------------------------------------    -------------------
    U7                                                0.000     0.000 r  A[0] (IN)
                         net (fo=0)                   0.000     0.000    A[0]
    U7                   IBUF (Prop_ibuf_I_O)         0.915     0.915 r  A_IBUF[0]_inst/O
                         net (fo=3, routed)           1.726     2.641    A_IBUF[0]
    SLICE_X1Y12          LUT3 (Prop_lut3_I1_O)        0.124     2.765 r  AluOut_OBUF[1]_inst_i_2/O
                         net (fo=1, routed)           0.619     3.384    c1/C_int_0__1
    SLICE_X1Y12          LUT5 (Prop_lut5_I0_O)        0.124     3.508 r  AluOut_OBUF[1]_inst_i_1/O
                         net (fo=1, routed)           2.011     5.518    AluOut_OBUF[1]
    AB2                  OBUF (Prop_obuf_I_O)         2.652     8.170 r  AluOut_OBUF[1]_inst/O
                         net (fo=0)                   0.000     8.170    AluOut[1]
    AB2                                                               r  AluOut[1] (OUT)
  -------------------------------------------------------------------    -------------------

Slack:                    inf
  Source:                 Cin
                            (input port)
  Destination:            AluOut[2]
                            (output port)
  Path Group:             (none)
  Path Type:              Max at Slow Process Corner
  Data Path Delay:        8.080ns  (logic 3.856ns (47.725%)  route 4.224ns (52.275%))
  Logic Levels:           4  (IBUF=1 LUT5=2 OBUF=1)

    Location             Delay type                Incr(ns)  Path(ns)    Netlist Resource(s)
  -------------------------------------------------------------------    -------------------
    AB5                                               0.000     0.000 r  Cin (IN)
                         net (fo=0)                   0.000     0.000    Cin
    AB5                  IBUF (Prop_ibuf_I_O)         0.966     0.966 r  Cin_IBUF_inst/O
                         net (fo=3, routed)           1.628     2.594    Cin_IBUF
    SLICE_X1Y12          LUT5 (Prop_lut5_I4_O)        0.124     2.718 r  AluOut_OBUF[2]_inst_i_2/O
                         net (fo=4, routed)           0.679     3.397    c1/C_int_1__1
    SLICE_X1Y12          LUT5 (Prop_lut5_I0_O)        0.124     3.521 r  AluOut_OBUF[2]_inst_i_1/O
                         net (fo=1, routed)           1.917     5.438    AluOut_OBUF[2]
    AA6                  OBUF (Prop_obuf_I_O)         2.643     8.080 r  AluOut_OBUF[2]_inst/O
                         net (fo=0)                   0.000     8.080    AluOut[2]
    AA6                                                               r  AluOut[2] (OUT)
  -------------------------------------------------------------------    -------------------

Slack:                    inf
  Source:                 A[0]
                            (input port)
  Destination:            AluOut[0]
                            (output port)
  Path Group:             (none)
  Path Type:              Max at Slow Process Corner
  Data Path Delay:        7.534ns  (logic 3.933ns (52.204%)  route 3.601ns (47.796%))
  Logic Levels:           3  (IBUF=1 LUT5=1 OBUF=1)

    Location             Delay type                Incr(ns)  Path(ns)    Netlist Resource(s)
  -------------------------------------------------------------------    -------------------
    U7                                                0.000     0.000 r  A[0] (IN)
                         net (fo=0)                   0.000     0.000    A[0]
    U7                   IBUF (Prop_ibuf_I_O)         0.915     0.915 r  A_IBUF[0]_inst/O
                         net (fo=3, routed)           1.726     2.641    A_IBUF[0]
    SLICE_X1Y12          LUT5 (Prop_lut5_I1_O)        0.150     2.791 r  AluOut_OBUF[0]_inst_i_1/O
                         net (fo=1, routed)           1.875     4.666    AluOut_OBUF[0]
    AB1                  OBUF (Prop_obuf_I_O)         2.868     7.534 r  AluOut_OBUF[0]_inst/O
                         net (fo=0)                   0.000     7.534    AluOut[0]
    AB1                                                               r  AluOut[0] (OUT)
  -------------------------------------------------------------------    -------------------





Min Delay Paths
--------------------------------------------------------------------------------------
Slack:                    inf
  Source:                 B[3]
                            (input port)
  Destination:            AluOut[3]
                            (output port)
  Path Group:             (none)
  Path Type:              Min at Fast Process Corner
  Data Path Delay:        2.206ns  (logic 1.354ns (61.395%)  route 0.852ns (38.606%))
  Logic Levels:           3  (IBUF=1 LUT5=1 OBUF=1)

    Location             Delay type                Incr(ns)  Path(ns)    Netlist Resource(s)
  -------------------------------------------------------------------    -------------------
    T6                                                0.000     0.000 r  B[3] (IN)
                         net (fo=0)                   0.000     0.000    B[3]
    T6                   IBUF (Prop_ibuf_I_O)         0.143     0.143 r  B_IBUF[3]_inst/O
                         net (fo=3, routed)           0.411     0.554    B_IBUF[3]
    SLICE_X0Y13          LUT5 (Prop_lut5_I4_O)        0.045     0.599 r  AluOut_OBUF[3]_inst_i_1/O
                         net (fo=1, routed)           0.441     1.040    AluOut_OBUF[3]
    AA7                  OBUF (Prop_obuf_I_O)         1.166     2.206 r  AluOut_OBUF[3]_inst/O
                         net (fo=0)                   0.000     2.206    AluOut[3]
    AA7                                                               r  AluOut[3] (OUT)
  -------------------------------------------------------------------    -------------------

Slack:                    inf
  Source:                 B[6]
                            (input port)
  Destination:            AluOut[6]
                            (output port)
  Path Group:             (none)
  Path Type:              Min at Fast Process Corner
  Data Path Delay:        2.222ns  (logic 1.381ns (62.171%)  route 0.841ns (37.829%))
  Logic Levels:           3  (IBUF=1 LUT5=1 OBUF=1)

    Location             Delay type                Incr(ns)  Path(ns)    Netlist Resource(s)
  -------------------------------------------------------------------    -------------------
    Y4                                                0.000     0.000 r  B[6] (IN)
                         net (fo=0)                   0.000     0.000    B[6]
    Y4                   IBUF (Prop_ibuf_I_O)         0.174     0.174 r  B_IBUF[6]_inst/O
                         net (fo=3, routed)           0.364     0.538    B_IBUF[6]
    SLICE_X0Y13          LUT5 (Prop_lut5_I4_O)        0.045     0.583 r  AluOut_OBUF[6]_inst_i_1/O
                         net (fo=1, routed)           0.477     1.059    AluOut_OBUF[6]
    Y8                   OBUF (Prop_obuf_I_O)         1.163     2.222 r  AluOut_OBUF[6]_inst/O
                         net (fo=0)                   0.000     2.222    AluOut[6]
    Y8                                                                r  AluOut[6] (OUT)
  -------------------------------------------------------------------    -------------------

Slack:                    inf
  Source:                 B[5]
                            (input port)
  Destination:            AluOut[5]
                            (output port)
  Path Group:             (none)
  Path Type:              Min at Fast Process Corner
  Data Path Delay:        2.249ns  (logic 1.387ns (61.651%)  route 0.863ns (38.349%))
  Logic Levels:           3  (IBUF=1 LUT5=1 OBUF=1)

    Location             Delay type                Incr(ns)  Path(ns)    Netlist Resource(s)
  -------------------------------------------------------------------    -------------------
    AA4                                               0.000     0.000 r  B[5] (IN)
                         net (fo=0)                   0.000     0.000    B[5]
    AA4                  IBUF (Prop_ibuf_I_O)         0.193     0.193 r  B_IBUF[5]_inst/O
                         net (fo=3, routed)           0.361     0.553    B_IBUF[5]
    SLICE_X0Y12          LUT5 (Prop_lut5_I4_O)        0.045     0.598 r  AluOut_OBUF[5]_inst_i_1/O
                         net (fo=1, routed)           0.502     1.100    AluOut_OBUF[5]
    Y6                   OBUF (Prop_obuf_I_O)         1.149     2.249 r  AluOut_OBUF[5]_inst/O
                         net (fo=0)                   0.000     2.249    AluOut[5]
    Y6                                                                r  AluOut[5] (OUT)
  -------------------------------------------------------------------    -------------------

Slack:                    inf
  Source:                 Sel[1]
                            (input port)
  Destination:            AluOut[2]
                            (output port)
  Path Group:             (none)
  Path Type:              Min at Fast Process Corner
  Data Path Delay:        2.272ns  (logic 1.400ns (61.612%)  route 0.872ns (38.388%))
  Logic Levels:           3  (IBUF=1 LUT5=1 OBUF=1)

    Location             Delay type                Incr(ns)  Path(ns)    Netlist Resource(s)
  -------------------------------------------------------------------    -------------------
    AB4                                               0.000     0.000 r  Sel[1] (IN)
                         net (fo=0)                   0.000     0.000    Sel[1]
    AB4                  IBUF (Prop_ibuf_I_O)         0.195     0.195 r  Sel_IBUF[1]_inst/O
                         net (fo=8, routed)           0.441     0.637    Sel_IBUF[1]
    SLICE_X1Y12          LUT5 (Prop_lut5_I3_O)        0.045     0.682 r  AluOut_OBUF[2]_inst_i_1/O
                         net (fo=1, routed)           0.431     1.112    AluOut_OBUF[2]
    AA6                  OBUF (Prop_obuf_I_O)         1.159     2.272 r  AluOut_OBUF[2]_inst/O
                         net (fo=0)                   0.000     2.272    AluOut[2]
    AA6                                                               r  AluOut[2] (OUT)
  -------------------------------------------------------------------    -------------------

Slack:                    inf
  Source:                 Cin
                            (input port)
  Destination:            AluOut[0]
                            (output port)
  Path Group:             (none)
  Path Type:              Min at Fast Process Corner
  Data Path Delay:        2.331ns  (logic 1.487ns (63.808%)  route 0.844ns (36.192%))
  Logic Levels:           3  (IBUF=1 LUT5=1 OBUF=1)

    Location             Delay type                Incr(ns)  Path(ns)    Netlist Resource(s)
  -------------------------------------------------------------------    -------------------
    AB5                                               0.000     0.000 r  Cin (IN)
                         net (fo=0)                   0.000     0.000    Cin
    AB5                  IBUF (Prop_ibuf_I_O)         0.195     0.195 r  Cin_IBUF_inst/O
                         net (fo=3, routed)           0.418     0.613    Cin_IBUF
    SLICE_X1Y12          LUT5 (Prop_lut5_I0_O)        0.048     0.661 r  AluOut_OBUF[0]_inst_i_1/O
                         net (fo=1, routed)           0.426     1.086    AluOut_OBUF[0]
    AB1                  OBUF (Prop_obuf_I_O)         1.245     2.331 r  AluOut_OBUF[0]_inst/O
                         net (fo=0)                   0.000     2.331    AluOut[0]
    AB1                                                               r  AluOut[0] (OUT)
  -------------------------------------------------------------------    -------------------

Slack:                    inf
  Source:                 Sel[1]
                            (input port)
  Destination:            AluOut[1]
                            (output port)
  Path Group:             (none)
  Path Type:              Min at Fast Process Corner
  Data Path Delay:        2.345ns  (logic 1.409ns (60.060%)  route 0.937ns (39.940%))
  Logic Levels:           3  (IBUF=1 LUT5=1 OBUF=1)

    Location             Delay type                Incr(ns)  Path(ns)    Netlist Resource(s)
  -------------------------------------------------------------------    -------------------
    AB4                                               0.000     0.000 r  Sel[1] (IN)
                         net (fo=0)                   0.000     0.000    Sel[1]
    AB4                  IBUF (Prop_ibuf_I_O)         0.195     0.195 r  Sel_IBUF[1]_inst/O
                         net (fo=8, routed)           0.461     0.656    Sel_IBUF[1]
    SLICE_X1Y12          LUT5 (Prop_lut5_I3_O)        0.045     0.701 r  AluOut_OBUF[1]_inst_i_1/O
                         net (fo=1, routed)           0.476     1.177    AluOut_OBUF[1]
    AB2                  OBUF (Prop_obuf_I_O)         1.168     2.345 r  AluOut_OBUF[1]_inst/O
                         net (fo=0)                   0.000     2.345    AluOut[1]
    AB2                                                               r  AluOut[1] (OUT)
  -------------------------------------------------------------------    -------------------

Slack:                    inf
  Source:                 Sel[1]
                            (input port)
  Destination:            AluOut[7]
                            (output port)
  Path Group:             (none)
  Path Type:              Min at Fast Process Corner
  Data Path Delay:        2.366ns  (logic 1.395ns (58.968%)  route 0.971ns (41.032%))
  Logic Levels:           3  (IBUF=1 LUT5=1 OBUF=1)

    Location             Delay type                Incr(ns)  Path(ns)    Netlist Resource(s)
  -------------------------------------------------------------------    -------------------
    AB4                                               0.000     0.000 r  Sel[1] (IN)
                         net (fo=0)                   0.000     0.000    Sel[1]
    AB4                  IBUF (Prop_ibuf_I_O)         0.195     0.195 r  Sel_IBUF[1]_inst/O
                         net (fo=8, routed)           0.436     0.632    Sel_IBUF[1]
    SLICE_X0Y13          LUT5 (Prop_lut5_I3_O)        0.045     0.677 r  AluOut_OBUF[7]_inst_i_1/O
                         net (fo=1, routed)           0.535     1.211    AluOut_OBUF[7]
    Y9                   OBUF (Prop_obuf_I_O)         1.155     2.366 r  AluOut_OBUF[7]_inst/O
                         net (fo=0)                   0.000     2.366    AluOut[7]
    Y9                                                                r  AluOut[7] (OUT)
  -------------------------------------------------------------------    -------------------

Slack:                    inf
  Source:                 B[3]
                            (input port)
  Destination:            AluOut[4]
                            (output port)
  Path Group:             (none)
  Path Type:              Min at Fast Process Corner
  Data Path Delay:        2.375ns  (logic 1.377ns (57.990%)  route 0.998ns (42.010%))
  Logic Levels:           4  (IBUF=1 LUT5=2 OBUF=1)

    Location             Delay type                Incr(ns)  Path(ns)    Netlist Resource(s)
  -------------------------------------------------------------------    -------------------
    T6                                                0.000     0.000 r  B[3] (IN)
                         net (fo=0)                   0.000     0.000    B[3]
    T6                   IBUF (Prop_ibuf_I_O)         0.143     0.143 r  B_IBUF[3]_inst/O
                         net (fo=3, routed)           0.356     0.499    B_IBUF[3]
    SLICE_X0Y11          LUT5 (Prop_lut5_I0_O)        0.045     0.544 r  AluOut_OBUF[4]_inst_i_2/O
                         net (fo=3, routed)           0.150     0.694    c1/C_int_3__1
    SLICE_X0Y12          LUT5 (Prop_lut5_I0_O)        0.045     0.739 r  AluOut_OBUF[4]_inst_i_1/O
                         net (fo=1, routed)           0.492     1.231    AluOut_OBUF[4]
    Y5                   OBUF (Prop_obuf_I_O)         1.144     2.375 r  AluOut_OBUF[4]_inst/O
                         net (fo=0)                   0.000     2.375    AluOut[4]
    Y5                                                                r  AluOut[4] (OUT)
  -------------------------------------------------------------------    -------------------

Slack:                    inf
  Source:                 B[6]
                            (input port)
  Destination:            Cout
                            (output port)
  Path Group:             (none)
  Path Type:              Min at Fast Process Corner
  Data Path Delay:        2.409ns  (logic 1.401ns (58.152%)  route 1.008ns (41.848%))
  Logic Levels:           3  (IBUF=1 LUT5=1 OBUF=1)

    Location             Delay type                Incr(ns)  Path(ns)    Netlist Resource(s)
  -------------------------------------------------------------------    -------------------
    Y4                                                0.000     0.000 r  B[6] (IN)
                         net (fo=0)                   0.000     0.000    B[6]
    Y4                   IBUF (Prop_ibuf_I_O)         0.174     0.174 r  B_IBUF[6]_inst/O
                         net (fo=3, routed)           0.432     0.606    B_IBUF[6]
    SLICE_X0Y13          LUT5 (Prop_lut5_I2_O)        0.045     0.651 r  Cout_OBUF_inst_i_1/O
                         net (fo=1, routed)           0.576     1.227    Cout_OBUF
    AA8                  OBUF (Prop_obuf_I_O)         1.182     2.409 r  Cout_OBUF_inst/O
                         net (fo=0)                   0.000     2.409    Cout
    AA8                                                               r  Cout (OUT)
  -------------------------------------------------------------------    -------------------





