Copyright 1986-2022 Xilinx, Inc. All Rights Reserved. Copyright 2022-2025 Advanced Micro Devices, Inc. All Rights Reserved.
---------------------------------------------------------------------------------------------------------------------------------------------------------------------------------------------------------------------------
| Tool Version : Vivado v.2025.2 (win64) Build 6299465 Fri Nov 14 19:35:11 GMT 2025
| Date         : Tue Feb 24 15:38:17 2026
| Host         : Viktorio running 64-bit major release  (build 9200)
| Command      : report_timing_summary -max_paths 10 -routable_nets -report_unconstrained -file task4_timing_summary_routed.rpt -pb task4_timing_summary_routed.pb -rpx task4_timing_summary_routed.rpx -warn_on_violation
| Design       : task4
| Device       : 7z020-clg484
| Speed File   : -1  PRODUCTION 1.12 2019-11-22
| Design State : Routed
---------------------------------------------------------------------------------------------------------------------------------------------------------------------------------------------------------------------------

Timing Summary Report

------------------------------------------------------------------------------------------------
| Timer Settings
| --------------
------------------------------------------------------------------------------------------------

  Enable Multi Corner Analysis               :  Yes
  Enable Pessimism Removal                   :  Yes
  Pessimism Removal Resolution               :  Nearest Common Node
  Enable Input Delay Default Clock           :  No
  Enable Preset / Clear Arcs                 :  No
  Disable Flight Delays                      :  No
  Ignore I/O Paths                           :  No
  Timing Early Launch at Borrowing Latches   :  No
  Borrow Time for Max Delay Exceptions       :  Yes
  Merge Timing Exceptions                    :  Yes
  Inter-SLR Compensation                     :  Conservative

  Corner  Analyze    Analyze    
  Name    Max Paths  Min Paths  
  ------  ---------  ---------  
  Slow    Yes        Yes        
  Fast    Yes        Yes        


------------------------------------------------------------------------------------------------
| Report Methodology
| ------------------
------------------------------------------------------------------------------------------------

Rule       Severity          Description                  Violations  
---------  ----------------  ---------------------------  ----------  
TIMING-17  Critical Warning  Non-clocked sequential cell  2           

Note: This report is based on the most recent report_methodology run and may not be up-to-date. Run report_methodology on the current design for the latest report.



check_timing report

Table of Contents
-----------------
1. checking no_clock (2)
2. checking constant_clock (0)
3. checking pulse_width_clock (0)
4. checking unconstrained_internal_endpoints (2)
5. checking no_input_delay (2)
6. checking no_output_delay (2)
7. checking multiple_clock (0)
8. checking generated_clocks (0)
9. checking loops (0)
10. checking partial_input_delay (0)
11. checking partial_output_delay (0)
12. checking latch_loops (0)

1. checking no_clock (2)
------------------------
 There are 2 register/latch pins with no clock driven by root clock pin: clk (HIGH)


2. checking constant_clock (0)
------------------------------
 There are 0 register/latch pins with constant_clock.


3. checking pulse_width_clock (0)
---------------------------------
 There are 0 register/latch pins which need pulse_width check


4. checking unconstrained_internal_endpoints (2)
------------------------------------------------
 There are 2 pins that are not constrained for maximum delay. (HIGH)

 There are 0 pins that are not constrained for maximum delay due to constant clock.


5. checking no_input_delay (2)
------------------------------
 There are 2 input ports with no input delay specified. (HIGH)

 There are 0 input ports with no input delay but user has a false path constraint.


6. checking no_output_delay (2)
-------------------------------
 There are 2 ports with no output delay specified. (HIGH)

 There are 0 ports with no output delay but user has a false path constraint

 There are 0 ports with no output delay but with a timing clock defined on it or propagating through it


7. checking multiple_clock (0)
------------------------------
 There are 0 register/latch pins with multiple clocks.


8. checking generated_clocks (0)
--------------------------------
 There are 0 generated clocks that are not connected to a clock source.


9. checking loops (0)
---------------------
 There are 0 combinational loops in the design.


10. checking partial_input_delay (0)
------------------------------------
 There are 0 input ports with partial input delay specified.


11. checking partial_output_delay (0)
-------------------------------------
 There are 0 ports with partial output delay specified.


12. checking latch_loops (0)
----------------------------
 There are 0 combinational latch loops in the design through latch input



------------------------------------------------------------------------------------------------
| Design Timing Summary
| ---------------------
------------------------------------------------------------------------------------------------

    WNS(ns)      TNS(ns)  TNS Failing Endpoints  TNS Total Endpoints      WHS(ns)      THS(ns)  THS Failing Endpoints  THS Total Endpoints     WPWS(ns)     TPWS(ns)  TPWS Failing Endpoints  TPWS Total Endpoints  
    -------      -------  ---------------------  -------------------      -------      -------  ---------------------  -------------------     --------     --------  ----------------------  --------------------  
        inf        0.000                      0                    4          inf        0.000                      0                    4           NA           NA                      NA                    NA  


There are no user specified timing constraints.


------------------------------------------------------------------------------------------------
| Clock Summary
| -------------
------------------------------------------------------------------------------------------------


------------------------------------------------------------------------------------------------
| Intra Clock Table
| -----------------
------------------------------------------------------------------------------------------------

Clock             WNS(ns)      TNS(ns)  TNS Failing Endpoints  TNS Total Endpoints      WHS(ns)      THS(ns)  THS Failing Endpoints  THS Total Endpoints     WPWS(ns)     TPWS(ns)  TPWS Failing Endpoints  TPWS Total Endpoints  
-----             -------      -------  ---------------------  -------------------      -------      -------  ---------------------  -------------------     --------     --------  ----------------------  --------------------  


------------------------------------------------------------------------------------------------
| Inter Clock Table
| -----------------
------------------------------------------------------------------------------------------------

From Clock    To Clock          WNS(ns)      TNS(ns)  TNS Failing Endpoints  TNS Total Endpoints      WHS(ns)      THS(ns)  THS Failing Endpoints  THS Total Endpoints  
----------    --------          -------      -------  ---------------------  -------------------      -------      -------  ---------------------  -------------------  


------------------------------------------------------------------------------------------------
| Other Path Groups Table
| -----------------------
------------------------------------------------------------------------------------------------

Path Group    From Clock    To Clock          WNS(ns)      TNS(ns)  TNS Failing Endpoints  TNS Total Endpoints      WHS(ns)      THS(ns)  THS Failing Endpoints  THS Total Endpoints  
----------    ----------    --------          -------      -------  ---------------------  -------------------      -------      -------  ---------------------  -------------------  


------------------------------------------------------------------------------------------------
| User Ignored Path Table
| -----------------------
------------------------------------------------------------------------------------------------

Path Group    From Clock    To Clock    
----------    ----------    --------    


------------------------------------------------------------------------------------------------
| Unconstrained Path Table
| ------------------------
------------------------------------------------------------------------------------------------

Path Group    From Clock    To Clock    
----------    ----------    --------    
(none)                                    


------------------------------------------------------------------------------------------------
| Timing Details
| --------------
------------------------------------------------------------------------------------------------


--------------------------------------------------------------------------------------
Path Group:  (none)
From Clock:  
  To Clock:  

Max Delay             4 Endpoints
Min Delay             4 Endpoints
--------------------------------------------------------------------------------------


Max Delay Paths
--------------------------------------------------------------------------------------
Slack:                    inf
  Source:                 Sum_reg/C
                            (rising edge-triggered cell FDRE)
  Destination:            Sum
                            (output port)
  Path Group:             (none)
  Path Type:              Max at Slow Process Corner
  Data Path Delay:        4.970ns  (logic 3.237ns (65.139%)  route 1.733ns (34.861%))
  Logic Levels:           2  (FDRE=1 OBUF=1)

    Location             Delay type                Incr(ns)  Path(ns)    Netlist Resource(s)
  -------------------------------------------------------------------    -------------------
    SLICE_X0Y1           FDRE                         0.000     0.000 r  Sum_reg/C
    SLICE_X0Y1           FDRE (Prop_fdre_C_Q)         0.478     0.478 r  Sum_reg/Q
                         net (fo=1, routed)           1.733     2.211    Sum_OBUF
    W7                   OBUF (Prop_obuf_I_O)         2.759     4.970 r  Sum_OBUF_inst/O
                         net (fo=0)                   0.000     4.970    Sum
    W7                                                                r  Sum (OUT)
  -------------------------------------------------------------------    -------------------

Slack:                    inf
  Source:                 Carry_reg/C
                            (rising edge-triggered cell FDRE)
  Destination:            Carry
                            (output port)
  Path Group:             (none)
  Path Type:              Max at Slow Process Corner
  Data Path Delay:        4.785ns  (logic 3.116ns (65.124%)  route 1.669ns (34.876%))
  Logic Levels:           2  (FDRE=1 OBUF=1)

    Location             Delay type                Incr(ns)  Path(ns)    Netlist Resource(s)
  -------------------------------------------------------------------    -------------------
    SLICE_X0Y1           FDRE                         0.000     0.000 r  Carry_reg/C
    SLICE_X0Y1           FDRE (Prop_fdre_C_Q)         0.518     0.518 r  Carry_reg/Q
                         net (fo=1, routed)           1.669     2.187    Carry_OBUF
    W6                   OBUF (Prop_obuf_I_O)         2.598     4.785 r  Carry_OBUF_inst/O
                         net (fo=0)                   0.000     4.785    Carry
    W6                                                                r  Carry (OUT)
  -------------------------------------------------------------------    -------------------

Slack:                    inf
  Source:                 A
                            (input port)
  Destination:            Sum_reg/D
  Path Group:             (none)
  Path Type:              Max at Slow Process Corner
  Data Path Delay:        2.290ns  (logic 1.063ns (46.410%)  route 1.227ns (53.590%))
  Logic Levels:           2  (IBUF=1 LUT2=1)

    Location             Delay type                Incr(ns)  Path(ns)    Netlist Resource(s)
  -------------------------------------------------------------------    -------------------
    U7                                                0.000     0.000 r  A (IN)
                         net (fo=0)                   0.000     0.000    A
    U7                   IBUF (Prop_ibuf_I_O)         0.915     0.915 r  A_IBUF_inst/O
                         net (fo=2, routed)           1.227     2.142    A_IBUF
    SLICE_X0Y1           LUT2 (Prop_lut2_I1_O)        0.148     2.290 r  Sum_i_1/O
                         net (fo=1, routed)           0.000     2.290    Sum_i_1_n_0
    SLICE_X0Y1           FDRE                                         r  Sum_reg/D
  -------------------------------------------------------------------    -------------------

Slack:                    inf
  Source:                 A
                            (input port)
  Destination:            Carry_reg/D
  Path Group:             (none)
  Path Type:              Max at Slow Process Corner
  Data Path Delay:        2.266ns  (logic 1.039ns (45.843%)  route 1.227ns (54.157%))
  Logic Levels:           2  (IBUF=1 LUT2=1)

    Location             Delay type                Incr(ns)  Path(ns)    Netlist Resource(s)
  -------------------------------------------------------------------    -------------------
    U7                                                0.000     0.000 r  A (IN)
                         net (fo=0)                   0.000     0.000    A
    U7                   IBUF (Prop_ibuf_I_O)         0.915     0.915 r  A_IBUF_inst/O
                         net (fo=2, routed)           1.227     2.142    A_IBUF
    SLICE_X0Y1           LUT2 (Prop_lut2_I0_O)        0.124     2.266 r  Carry_i_1/O
                         net (fo=1, routed)           0.000     2.266    Carry_i_1_n_0
    SLICE_X0Y1           FDRE                                         r  Carry_reg/D
  -------------------------------------------------------------------    -------------------





Min Delay Paths
--------------------------------------------------------------------------------------
Slack:                    inf
  Source:                 B
                            (input port)
  Destination:            Carry_reg/D
  Path Group:             (none)
  Path Type:              Min at Fast Process Corner
  Data Path Delay:        0.535ns  (logic 0.210ns (39.213%)  route 0.325ns (60.787%))
  Logic Levels:           2  (IBUF=1 LUT2=1)

    Location             Delay type                Incr(ns)  Path(ns)    Netlist Resource(s)
  -------------------------------------------------------------------    -------------------
    W5                                                0.000     0.000 r  B (IN)
                         net (fo=0)                   0.000     0.000    B
    W5                   IBUF (Prop_ibuf_I_O)         0.165     0.165 r  B_IBUF_inst/O
                         net (fo=2, routed)           0.325     0.490    B_IBUF
    SLICE_X0Y1           LUT2 (Prop_lut2_I1_O)        0.045     0.535 r  Carry_i_1/O
                         net (fo=1, routed)           0.000     0.535    Carry_i_1_n_0
    SLICE_X0Y1           FDRE                                         r  Carry_reg/D
  -------------------------------------------------------------------    -------------------

Slack:                    inf
  Source:                 B
                            (input port)
  Destination:            Sum_reg/D
  Path Group:             (none)
  Path Type:              Min at Fast Process Corner
  Data Path Delay:        0.538ns  (logic 0.213ns (39.552%)  route 0.325ns (60.448%))
  Logic Levels:           2  (IBUF=1 LUT2=1)

    Location             Delay type                Incr(ns)  Path(ns)    Netlist Resource(s)
  -------------------------------------------------------------------    -------------------
    W5                                                0.000     0.000 r  B (IN)
                         net (fo=0)                   0.000     0.000    B
    W5                   IBUF (Prop_ibuf_I_O)         0.165     0.165 r  B_IBUF_inst/O
                         net (fo=2, routed)           0.325     0.490    B_IBUF
    SLICE_X0Y1           LUT2 (Prop_lut2_I0_O)        0.048     0.538 r  Sum_i_1/O
                         net (fo=1, routed)           0.000     0.538    Sum_i_1_n_0
    SLICE_X0Y1           FDRE                                         r  Sum_reg/D
  -------------------------------------------------------------------    -------------------

Slack:                    inf
  Source:                 Carry_reg/C
                            (rising edge-triggered cell FDRE)
  Destination:            Carry
                            (output port)
  Path Group:             (none)
  Path Type:              Min at Fast Process Corner
  Data Path Delay:        1.599ns  (logic 1.279ns (79.998%)  route 0.320ns (20.002%))
  Logic Levels:           2  (FDRE=1 OBUF=1)

    Location             Delay type                Incr(ns)  Path(ns)    Netlist Resource(s)
  -------------------------------------------------------------------    -------------------
    SLICE_X0Y1           FDRE                         0.000     0.000 r  Carry_reg/C
    SLICE_X0Y1           FDRE (Prop_fdre_C_Q)         0.164     0.164 r  Carry_reg/Q
                         net (fo=1, routed)           0.320     0.484    Carry_OBUF
    W6                   OBUF (Prop_obuf_I_O)         1.115     1.599 r  Carry_OBUF_inst/O
                         net (fo=0)                   0.000     1.599    Carry
    W6                                                                r  Carry (OUT)
  -------------------------------------------------------------------    -------------------

Slack:                    inf
  Source:                 Sum_reg/C
                            (rising edge-triggered cell FDRE)
  Destination:            Sum
                            (output port)
  Path Group:             (none)
  Path Type:              Min at Fast Process Corner
  Data Path Delay:        1.664ns  (logic 1.307ns (78.513%)  route 0.358ns (21.487%))
  Logic Levels:           2  (FDRE=1 OBUF=1)

    Location             Delay type                Incr(ns)  Path(ns)    Netlist Resource(s)
  -------------------------------------------------------------------    -------------------
    SLICE_X0Y1           FDRE                         0.000     0.000 r  Sum_reg/C
    SLICE_X0Y1           FDRE (Prop_fdre_C_Q)         0.148     0.148 r  Sum_reg/Q
                         net (fo=1, routed)           0.358     0.506    Sum_OBUF
    W7                   OBUF (Prop_obuf_I_O)         1.159     1.664 r  Sum_OBUF_inst/O
                         net (fo=0)                   0.000     1.664    Sum
    W7                                                                r  Sum (OUT)
  -------------------------------------------------------------------    -------------------





