Copyright 1986-2022 Xilinx, Inc. All Rights Reserved. Copyright 2022-2025 Advanced Micro Devices, Inc. All Rights Reserved.
------------------------------------------------------------------------------------------------------------------------------------------------------------------------------------------------------------------------------------
| Tool Version : Vivado v.2025.2 (win64) Build 6299465 Fri Nov 14 19:35:11 GMT 2025
| Date         : Tue Mar 24 13:13:35 2026
| Host         : Viktorio running 64-bit major release  (build 9200)
| Command      : report_timing_summary -max_paths 10 -routable_nets -report_unconstrained -file nDivider_timing_summary_routed.rpt -pb nDivider_timing_summary_routed.pb -rpx nDivider_timing_summary_routed.rpx -warn_on_violation
| Design       : nDivider
| Device       : 7z020-clg484
| Speed File   : -1  PRODUCTION 1.12 2019-11-22
| Design State : Routed
------------------------------------------------------------------------------------------------------------------------------------------------------------------------------------------------------------------------------------

Timing Summary Report

------------------------------------------------------------------------------------------------
| Timer Settings
| --------------
------------------------------------------------------------------------------------------------

  Enable Multi Corner Analysis               :  Yes
  Enable Pessimism Removal                   :  Yes
  Pessimism Removal Resolution               :  Nearest Common Node
  Enable Input Delay Default Clock           :  No
  Enable Preset / Clear Arcs                 :  No
  Disable Flight Delays                      :  No
  Ignore I/O Paths                           :  No
  Timing Early Launch at Borrowing Latches   :  No
  Borrow Time for Max Delay Exceptions       :  Yes
  Merge Timing Exceptions                    :  Yes
  Inter-SLR Compensation                     :  Conservative

  Corner  Analyze    Analyze    
  Name    Max Paths  Min Paths  
  ------  ---------  ---------  
  Slow    Yes        Yes        
  Fast    Yes        Yes        


------------------------------------------------------------------------------------------------
| Report Methodology
| ------------------
------------------------------------------------------------------------------------------------

Rule       Severity          Description                  Violations  
---------  ----------------  ---------------------------  ----------  
TIMING-17  Critical Warning  Non-clocked sequential cell  17          

Note: This report is based on the most recent report_methodology run and may not be up-to-date. Run report_methodology on the current design for the latest report.



check_timing report

Table of Contents
-----------------
1. checking no_clock (17)
2. checking constant_clock (0)
3. checking pulse_width_clock (0)
4. checking unconstrained_internal_endpoints (34)
5. checking no_input_delay (1)
6. checking no_output_delay (1)
7. checking multiple_clock (0)
8. checking generated_clocks (0)
9. checking loops (0)
10. checking partial_input_delay (0)
11. checking partial_output_delay (0)
12. checking latch_loops (0)

1. checking no_clock (17)
-------------------------
 There are 17 register/latch pins with no clock driven by root clock pin: clkin (HIGH)


2. checking constant_clock (0)
------------------------------
 There are 0 register/latch pins with constant_clock.


3. checking pulse_width_clock (0)
---------------------------------
 There are 0 register/latch pins which need pulse_width check


4. checking unconstrained_internal_endpoints (34)
-------------------------------------------------
 There are 34 pins that are not constrained for maximum delay. (HIGH)

 There are 0 pins that are not constrained for maximum delay due to constant clock.


5. checking no_input_delay (1)
------------------------------
 There is 1 input port with no input delay specified. (HIGH)

 There are 0 input ports with no input delay but user has a false path constraint.


6. checking no_output_delay (1)
-------------------------------
 There is 1 port with no output delay specified. (HIGH)

 There are 0 ports with no output delay but user has a false path constraint

 There are 0 ports with no output delay but with a timing clock defined on it or propagating through it


7. checking multiple_clock (0)
------------------------------
 There are 0 register/latch pins with multiple clocks.


8. checking generated_clocks (0)
--------------------------------
 There are 0 generated clocks that are not connected to a clock source.


9. checking loops (0)
---------------------
 There are 0 combinational loops in the design.


10. checking partial_input_delay (0)
------------------------------------
 There are 0 input ports with partial input delay specified.


11. checking partial_output_delay (0)
-------------------------------------
 There are 0 ports with partial output delay specified.


12. checking latch_loops (0)
----------------------------
 There are 0 combinational latch loops in the design through latch input



------------------------------------------------------------------------------------------------
| Design Timing Summary
| ---------------------
------------------------------------------------------------------------------------------------

    WNS(ns)      TNS(ns)  TNS Failing Endpoints  TNS Total Endpoints      WHS(ns)      THS(ns)  THS Failing Endpoints  THS Total Endpoints     WPWS(ns)     TPWS(ns)  TPWS Failing Endpoints  TPWS Total Endpoints  
    -------      -------  ---------------------  -------------------      -------      -------  ---------------------  -------------------     --------     --------  ----------------------  --------------------  
        inf        0.000                      0                   35          inf        0.000                      0                   35           NA           NA                      NA                    NA  


There are no user specified timing constraints.


------------------------------------------------------------------------------------------------
| Clock Summary
| -------------
------------------------------------------------------------------------------------------------


------------------------------------------------------------------------------------------------
| Intra Clock Table
| -----------------
------------------------------------------------------------------------------------------------

Clock             WNS(ns)      TNS(ns)  TNS Failing Endpoints  TNS Total Endpoints      WHS(ns)      THS(ns)  THS Failing Endpoints  THS Total Endpoints     WPWS(ns)     TPWS(ns)  TPWS Failing Endpoints  TPWS Total Endpoints  
-----             -------      -------  ---------------------  -------------------      -------      -------  ---------------------  -------------------     --------     --------  ----------------------  --------------------  


------------------------------------------------------------------------------------------------
| Inter Clock Table
| -----------------
------------------------------------------------------------------------------------------------

From Clock    To Clock          WNS(ns)      TNS(ns)  TNS Failing Endpoints  TNS Total Endpoints      WHS(ns)      THS(ns)  THS Failing Endpoints  THS Total Endpoints  
----------    --------          -------      -------  ---------------------  -------------------      -------      -------  ---------------------  -------------------  


------------------------------------------------------------------------------------------------
| Other Path Groups Table
| -----------------------
------------------------------------------------------------------------------------------------

Path Group    From Clock    To Clock          WNS(ns)      TNS(ns)  TNS Failing Endpoints  TNS Total Endpoints      WHS(ns)      THS(ns)  THS Failing Endpoints  THS Total Endpoints  
----------    ----------    --------          -------      -------  ---------------------  -------------------      -------      -------  ---------------------  -------------------  


------------------------------------------------------------------------------------------------
| User Ignored Path Table
| -----------------------
------------------------------------------------------------------------------------------------

Path Group    From Clock    To Clock    
----------    ----------    --------    


------------------------------------------------------------------------------------------------
| Unconstrained Path Table
| ------------------------
------------------------------------------------------------------------------------------------

Path Group    From Clock    To Clock    
----------    ----------    --------    
(none)                                    


------------------------------------------------------------------------------------------------
| Timing Details
| --------------
------------------------------------------------------------------------------------------------


--------------------------------------------------------------------------------------
Path Group:  (none)
From Clock:  
  To Clock:  

Max Delay            35 Endpoints
Min Delay            35 Endpoints
--------------------------------------------------------------------------------------


Max Delay Paths
--------------------------------------------------------------------------------------
Slack:                    inf
  Source:                 clkdiv_reg/C
                            (rising edge-triggered cell FDCE)
  Destination:            clkout
                            (output port)
  Path Group:             (none)
  Path Type:              Max at Slow Process Corner
  Data Path Delay:        4.574ns  (logic 3.034ns (66.319%)  route 1.541ns (33.681%))
  Logic Levels:           2  (FDCE=1 OBUF=1)

    Location             Delay type                Incr(ns)  Path(ns)    Netlist Resource(s)
  -------------------------------------------------------------------    -------------------
    SLICE_X1Y0           FDCE                         0.000     0.000 r  clkdiv_reg/C
    SLICE_X1Y0           FDCE (Prop_fdce_C_Q)         0.456     0.456 r  clkdiv_reg/Q
                         net (fo=2, routed)           1.541     1.997    clkout_OBUF
    U7                   OBUF (Prop_obuf_I_O)         2.578     4.574 r  clkout_OBUF_inst/O
                         net (fo=0)                   0.000     4.574    clkout
    U7                                                                r  clkout (OUT)
  -------------------------------------------------------------------    -------------------

Slack:                    inf
  Source:                 counter_reg[14]/C
                            (rising edge-triggered cell FDCE)
  Destination:            counter_reg[15]/D
  Path Group:             (none)
  Path Type:              Max at Slow Process Corner
  Data Path Delay:        3.347ns  (logic 0.766ns (22.883%)  route 2.581ns (77.117%))
  Logic Levels:           3  (FDCE=1 LUT4=1 LUT5=1)

    Location             Delay type                Incr(ns)  Path(ns)    Netlist Resource(s)
  -------------------------------------------------------------------    -------------------
    SLICE_X2Y2           FDCE                         0.000     0.000 r  counter_reg[14]/C
    SLICE_X2Y2           FDCE (Prop_fdce_C_Q)         0.518     0.518 f  counter_reg[14]/Q
                         net (fo=2, routed)           0.813     1.331    counter_reg_n_0_[14]
    SLICE_X2Y3           LUT4 (Prop_lut4_I2_O)        0.124     1.455 r  counter[15]_i_4/O
                         net (fo=16, routed)          1.768     3.223    counter[15]_i_4_n_0
    SLICE_X2Y2           LUT5 (Prop_lut5_I2_O)        0.124     3.347 r  counter[15]_i_1/O
                         net (fo=1, routed)           0.000     3.347    counter[15]
    SLICE_X2Y2           FDCE                                         r  counter_reg[15]/D
  -------------------------------------------------------------------    -------------------

Slack:                    inf
  Source:                 counter_reg[14]/C
                            (rising edge-triggered cell FDCE)
  Destination:            counter_reg[11]/D
  Path Group:             (none)
  Path Type:              Max at Slow Process Corner
  Data Path Delay:        3.337ns  (logic 0.766ns (22.954%)  route 2.571ns (77.046%))
  Logic Levels:           3  (FDCE=1 LUT4=1 LUT5=1)

    Location             Delay type                Incr(ns)  Path(ns)    Netlist Resource(s)
  -------------------------------------------------------------------    -------------------
    SLICE_X2Y2           FDCE                         0.000     0.000 r  counter_reg[14]/C
    SLICE_X2Y2           FDCE (Prop_fdce_C_Q)         0.518     0.518 f  counter_reg[14]/Q
                         net (fo=2, routed)           0.813     1.331    counter_reg_n_0_[14]
    SLICE_X2Y3           LUT4 (Prop_lut4_I2_O)        0.124     1.455 r  counter[15]_i_4/O
                         net (fo=16, routed)          1.758     3.213    counter[15]_i_4_n_0
    SLICE_X1Y2           LUT5 (Prop_lut5_I2_O)        0.124     3.337 r  counter[11]_i_1/O
                         net (fo=1, routed)           0.000     3.337    counter[11]
    SLICE_X1Y2           FDCE                                         r  counter_reg[11]/D
  -------------------------------------------------------------------    -------------------

Slack:                    inf
  Source:                 counter_reg[14]/C
                            (rising edge-triggered cell FDCE)
  Destination:            counter_reg[10]/D
  Path Group:             (none)
  Path Type:              Max at Slow Process Corner
  Data Path Delay:        3.335ns  (logic 0.766ns (22.968%)  route 2.569ns (77.032%))
  Logic Levels:           3  (FDCE=1 LUT4=1 LUT5=1)

    Location             Delay type                Incr(ns)  Path(ns)    Netlist Resource(s)
  -------------------------------------------------------------------    -------------------
    SLICE_X2Y2           FDCE                         0.000     0.000 r  counter_reg[14]/C
    SLICE_X2Y2           FDCE (Prop_fdce_C_Q)         0.518     0.518 f  counter_reg[14]/Q
                         net (fo=2, routed)           0.813     1.331    counter_reg_n_0_[14]
    SLICE_X2Y3           LUT4 (Prop_lut4_I2_O)        0.124     1.455 r  counter[15]_i_4/O
                         net (fo=16, routed)          1.756     3.211    counter[15]_i_4_n_0
    SLICE_X1Y2           LUT5 (Prop_lut5_I2_O)        0.124     3.335 r  counter[10]_i_1/O
                         net (fo=1, routed)           0.000     3.335    counter[10]
    SLICE_X1Y2           FDCE                                         r  counter_reg[10]/D
  -------------------------------------------------------------------    -------------------

Slack:                    inf
  Source:                 counter_reg[14]/C
                            (rising edge-triggered cell FDCE)
  Destination:            counter_reg[14]/D
  Path Group:             (none)
  Path Type:              Max at Slow Process Corner
  Data Path Delay:        3.333ns  (logic 0.766ns (22.979%)  route 2.567ns (77.021%))
  Logic Levels:           3  (FDCE=1 LUT4=1 LUT5=1)

    Location             Delay type                Incr(ns)  Path(ns)    Netlist Resource(s)
  -------------------------------------------------------------------    -------------------
    SLICE_X2Y2           FDCE                         0.000     0.000 r  counter_reg[14]/C
    SLICE_X2Y2           FDCE (Prop_fdce_C_Q)         0.518     0.518 f  counter_reg[14]/Q
                         net (fo=2, routed)           0.813     1.331    counter_reg_n_0_[14]
    SLICE_X2Y3           LUT4 (Prop_lut4_I2_O)        0.124     1.455 r  counter[15]_i_4/O
                         net (fo=16, routed)          1.754     3.209    counter[15]_i_4_n_0
    SLICE_X2Y2           LUT5 (Prop_lut5_I2_O)        0.124     3.333 r  counter[14]_i_1/O
                         net (fo=1, routed)           0.000     3.333    counter[14]
    SLICE_X2Y2           FDCE                                         r  counter_reg[14]/D
  -------------------------------------------------------------------    -------------------

Slack:                    inf
  Source:                 counter_reg[14]/C
                            (rising edge-triggered cell FDCE)
  Destination:            counter_reg[5]/D
  Path Group:             (none)
  Path Type:              Max at Slow Process Corner
  Data Path Delay:        3.186ns  (logic 0.766ns (24.043%)  route 2.420ns (75.957%))
  Logic Levels:           3  (FDCE=1 LUT4=1 LUT5=1)

    Location             Delay type                Incr(ns)  Path(ns)    Netlist Resource(s)
  -------------------------------------------------------------------    -------------------
    SLICE_X2Y2           FDCE                         0.000     0.000 r  counter_reg[14]/C
    SLICE_X2Y2           FDCE (Prop_fdce_C_Q)         0.518     0.518 f  counter_reg[14]/Q
                         net (fo=2, routed)           0.813     1.331    counter_reg_n_0_[14]
    SLICE_X2Y3           LUT4 (Prop_lut4_I2_O)        0.124     1.455 r  counter[15]_i_4/O
                         net (fo=16, routed)          1.607     3.062    counter[15]_i_4_n_0
    SLICE_X1Y1           LUT5 (Prop_lut5_I2_O)        0.124     3.186 r  counter[5]_i_1/O
                         net (fo=1, routed)           0.000     3.186    counter[5]
    SLICE_X1Y1           FDCE                                         r  counter_reg[5]/D
  -------------------------------------------------------------------    -------------------

Slack:                    inf
  Source:                 counter_reg[14]/C
                            (rising edge-triggered cell FDCE)
  Destination:            counter_reg[9]/D
  Path Group:             (none)
  Path Type:              Max at Slow Process Corner
  Data Path Delay:        3.111ns  (logic 0.766ns (24.622%)  route 2.345ns (75.378%))
  Logic Levels:           3  (FDCE=1 LUT4=1 LUT5=1)

    Location             Delay type                Incr(ns)  Path(ns)    Netlist Resource(s)
  -------------------------------------------------------------------    -------------------
    SLICE_X2Y2           FDCE                         0.000     0.000 r  counter_reg[14]/C
    SLICE_X2Y2           FDCE (Prop_fdce_C_Q)         0.518     0.518 f  counter_reg[14]/Q
                         net (fo=2, routed)           0.813     1.331    counter_reg_n_0_[14]
    SLICE_X2Y3           LUT4 (Prop_lut4_I2_O)        0.124     1.455 r  counter[15]_i_4/O
                         net (fo=16, routed)          1.532     2.987    counter[15]_i_4_n_0
    SLICE_X2Y1           LUT5 (Prop_lut5_I2_O)        0.124     3.111 r  counter[9]_i_1/O
                         net (fo=1, routed)           0.000     3.111    counter[9]
    SLICE_X2Y1           FDCE                                         r  counter_reg[9]/D
  -------------------------------------------------------------------    -------------------

Slack:                    inf
  Source:                 counter_reg[0]/C
                            (rising edge-triggered cell FDCE)
  Destination:            counter_reg[12]/D
  Path Group:             (none)
  Path Type:              Max at Slow Process Corner
  Data Path Delay:        3.057ns  (logic 1.907ns (62.387%)  route 1.150ns (37.613%))
  Logic Levels:           5  (CARRY4=3 FDCE=1 LUT5=1)

    Location             Delay type                Incr(ns)  Path(ns)    Netlist Resource(s)
  -------------------------------------------------------------------    -------------------
    SLICE_X1Y0           FDCE                         0.000     0.000 r  counter_reg[0]/C
    SLICE_X1Y0           FDCE (Prop_fdce_C_Q)         0.419     0.419 r  counter_reg[0]/Q
                         net (fo=3, routed)           0.486     0.905    counter_reg_n_0_[0]
    SLICE_X3Y0           CARRY4 (Prop_carry4_CYINIT_CO[3])
                                                      0.755     1.660 r  counter_reg[4]_i_2/CO[3]
                         net (fo=1, routed)           0.000     1.660    counter_reg[4]_i_2_n_0
    SLICE_X3Y1           CARRY4 (Prop_carry4_CI_CO[3])
                                                      0.114     1.774 r  counter_reg[8]_i_2/CO[3]
                         net (fo=1, routed)           0.000     1.774    counter_reg[8]_i_2_n_0
    SLICE_X3Y2           CARRY4 (Prop_carry4_CI_O[3])
                                                      0.313     2.087 r  counter_reg[12]_i_2/O[3]
                         net (fo=1, routed)           0.664     2.751    data0[12]
    SLICE_X2Y2           LUT5 (Prop_lut5_I4_O)        0.306     3.057 r  counter[12]_i_1/O
                         net (fo=1, routed)           0.000     3.057    counter[12]
    SLICE_X2Y2           FDCE                                         r  counter_reg[12]/D
  -------------------------------------------------------------------    -------------------

Slack:                    inf
  Source:                 counter_reg[0]/C
                            (rising edge-triggered cell FDCE)
  Destination:            counter_reg[6]/D
  Path Group:             (none)
  Path Type:              Max at Slow Process Corner
  Data Path Delay:        2.958ns  (logic 1.811ns (61.214%)  route 1.147ns (38.786%))
  Logic Levels:           4  (CARRY4=2 FDCE=1 LUT5=1)

    Location             Delay type                Incr(ns)  Path(ns)    Netlist Resource(s)
  -------------------------------------------------------------------    -------------------
    SLICE_X1Y0           FDCE                         0.000     0.000 r  counter_reg[0]/C
    SLICE_X1Y0           FDCE (Prop_fdce_C_Q)         0.419     0.419 r  counter_reg[0]/Q
                         net (fo=3, routed)           0.486     0.905    counter_reg_n_0_[0]
    SLICE_X3Y0           CARRY4 (Prop_carry4_CYINIT_CO[3])
                                                      0.755     1.660 r  counter_reg[4]_i_2/CO[3]
                         net (fo=1, routed)           0.000     1.660    counter_reg[4]_i_2_n_0
    SLICE_X3Y1           CARRY4 (Prop_carry4_CI_O[1])
                                                      0.334     1.994 r  counter_reg[8]_i_2/O[1]
                         net (fo=1, routed)           0.662     2.655    data0[6]
    SLICE_X2Y0           LUT5 (Prop_lut5_I4_O)        0.303     2.958 r  counter[6]_i_1/O
                         net (fo=1, routed)           0.000     2.958    counter[6]
    SLICE_X2Y0           FDCE                                         r  counter_reg[6]/D
  -------------------------------------------------------------------    -------------------

Slack:                    inf
  Source:                 counter_reg[10]/C
                            (rising edge-triggered cell FDCE)
  Destination:            counter_reg[1]/D
  Path Group:             (none)
  Path Type:              Max at Slow Process Corner
  Data Path Delay:        2.956ns  (logic 0.704ns (23.820%)  route 2.252ns (76.180%))
  Logic Levels:           3  (FDCE=1 LUT4=1 LUT5=1)

    Location             Delay type                Incr(ns)  Path(ns)    Netlist Resource(s)
  -------------------------------------------------------------------    -------------------
    SLICE_X1Y2           FDCE                         0.000     0.000 r  counter_reg[10]/C
    SLICE_X1Y2           FDCE (Prop_fdce_C_Q)         0.456     0.456 r  counter_reg[10]/Q
                         net (fo=2, routed)           0.890     1.346    counter_reg_n_0_[10]
    SLICE_X2Y1           LUT4 (Prop_lut4_I3_O)        0.124     1.470 r  counter[15]_i_5/O
                         net (fo=16, routed)          1.362     2.832    counter[15]_i_5_n_0
    SLICE_X2Y0           LUT5 (Prop_lut5_I3_O)        0.124     2.956 r  counter[1]_i_1/O
                         net (fo=1, routed)           0.000     2.956    counter[1]
    SLICE_X2Y0           FDCE                                         r  counter_reg[1]/D
  -------------------------------------------------------------------    -------------------





Min Delay Paths
--------------------------------------------------------------------------------------
Slack:                    inf
  Source:                 clkdiv_reg/C
                            (rising edge-triggered cell FDCE)
  Destination:            clkdiv_reg/D
  Path Group:             (none)
  Path Type:              Min at Fast Process Corner
  Data Path Delay:        0.354ns  (logic 0.186ns (52.498%)  route 0.168ns (47.502%))
  Logic Levels:           2  (FDCE=1 LUT5=1)

    Location             Delay type                Incr(ns)  Path(ns)    Netlist Resource(s)
  -------------------------------------------------------------------    -------------------
    SLICE_X1Y0           FDCE                         0.000     0.000 r  clkdiv_reg/C
    SLICE_X1Y0           FDCE (Prop_fdce_C_Q)         0.141     0.141 r  clkdiv_reg/Q
                         net (fo=2, routed)           0.168     0.309    clkout_OBUF
    SLICE_X1Y0           LUT5 (Prop_lut5_I4_O)        0.045     0.354 r  clkdiv_i_1/O
                         net (fo=1, routed)           0.000     0.354    clkdiv_i_1_n_0
    SLICE_X1Y0           FDCE                                         r  clkdiv_reg/D
  -------------------------------------------------------------------    -------------------

Slack:                    inf
  Source:                 counter_reg[3]/C
                            (rising edge-triggered cell FDCE)
  Destination:            counter_reg[2]/D
  Path Group:             (none)
  Path Type:              Min at Fast Process Corner
  Data Path Delay:        0.475ns  (logic 0.231ns (48.664%)  route 0.244ns (51.336%))
  Logic Levels:           3  (FDCE=1 LUT4=1 LUT5=1)

    Location             Delay type                Incr(ns)  Path(ns)    Netlist Resource(s)
  -------------------------------------------------------------------    -------------------
    SLICE_X1Y0           FDCE                         0.000     0.000 r  counter_reg[3]/C
    SLICE_X1Y0           FDCE (Prop_fdce_C_Q)         0.141     0.141 r  counter_reg[3]/Q
                         net (fo=2, routed)           0.149     0.290    counter_reg_n_0_[3]
    SLICE_X1Y0           LUT4 (Prop_lut4_I3_O)        0.045     0.335 r  counter[15]_i_3/O
                         net (fo=16, routed)          0.095     0.430    counter[15]_i_3_n_0
    SLICE_X1Y0           LUT5 (Prop_lut5_I1_O)        0.045     0.475 r  counter[2]_i_1/O
                         net (fo=1, routed)           0.000     0.475    counter[2]
    SLICE_X1Y0           FDCE                                         r  counter_reg[2]/D
  -------------------------------------------------------------------    -------------------

Slack:                    inf
  Source:                 counter_reg[3]/C
                            (rising edge-triggered cell FDCE)
  Destination:            counter_reg[3]/D
  Path Group:             (none)
  Path Type:              Min at Fast Process Corner
  Data Path Delay:        0.478ns  (logic 0.231ns (48.358%)  route 0.247ns (51.642%))
  Logic Levels:           3  (FDCE=1 LUT4=1 LUT5=1)

    Location             Delay type                Incr(ns)  Path(ns)    Netlist Resource(s)
  -------------------------------------------------------------------    -------------------
    SLICE_X1Y0           FDCE                         0.000     0.000 r  counter_reg[3]/C
    SLICE_X1Y0           FDCE (Prop_fdce_C_Q)         0.141     0.141 r  counter_reg[3]/Q
                         net (fo=2, routed)           0.149     0.290    counter_reg_n_0_[3]
    SLICE_X1Y0           LUT4 (Prop_lut4_I3_O)        0.045     0.335 r  counter[15]_i_3/O
                         net (fo=16, routed)          0.098     0.433    counter[15]_i_3_n_0
    SLICE_X1Y0           LUT5 (Prop_lut5_I1_O)        0.045     0.478 r  counter[3]_i_1/O
                         net (fo=1, routed)           0.000     0.478    counter[3]
    SLICE_X1Y0           FDCE                                         r  counter_reg[3]/D
  -------------------------------------------------------------------    -------------------

Slack:                    inf
  Source:                 rst
                            (input port)
  Destination:            counter_reg[5]/CLR
  Path Group:             (none)
  Path Type:              Min at Fast Process Corner
  Data Path Delay:        0.530ns  (logic 0.165ns (31.042%)  route 0.366ns (68.958%))
  Logic Levels:           1  (IBUF=1)

    Location             Delay type                Incr(ns)  Path(ns)    Netlist Resource(s)
  -------------------------------------------------------------------    -------------------
    W5                                                0.000     0.000 f  rst (IN)
                         net (fo=0)                   0.000     0.000    rst
    W5                   IBUF (Prop_ibuf_I_O)         0.165     0.165 f  rst_IBUF_inst/O
                         net (fo=17, routed)          0.366     0.530    rst_IBUF
    SLICE_X1Y1           FDCE                                         f  counter_reg[5]/CLR
  -------------------------------------------------------------------    -------------------

Slack:                    inf
  Source:                 counter_reg[11]/C
                            (rising edge-triggered cell FDCE)
  Destination:            counter_reg[15]/D
  Path Group:             (none)
  Path Type:              Min at Fast Process Corner
  Data Path Delay:        0.536ns  (logic 0.231ns (43.124%)  route 0.305ns (56.876%))
  Logic Levels:           3  (FDCE=1 LUT4=1 LUT5=1)

    Location             Delay type                Incr(ns)  Path(ns)    Netlist Resource(s)
  -------------------------------------------------------------------    -------------------
    SLICE_X1Y2           FDCE                         0.000     0.000 r  counter_reg[11]/C
    SLICE_X1Y2           FDCE (Prop_fdce_C_Q)         0.141     0.141 r  counter_reg[11]/Q
                         net (fo=2, routed)           0.137     0.278    counter_reg_n_0_[11]
    SLICE_X2Y1           LUT4 (Prop_lut4_I2_O)        0.045     0.323 r  counter[15]_i_5/O
                         net (fo=16, routed)          0.167     0.491    counter[15]_i_5_n_0
    SLICE_X2Y2           LUT5 (Prop_lut5_I3_O)        0.045     0.536 r  counter[15]_i_1/O
                         net (fo=1, routed)           0.000     0.536    counter[15]
    SLICE_X2Y2           FDCE                                         r  counter_reg[15]/D
  -------------------------------------------------------------------    -------------------

Slack:                    inf
  Source:                 counter_reg[7]/C
                            (rising edge-triggered cell FDCE)
  Destination:            counter_reg[6]/D
  Path Group:             (none)
  Path Type:              Min at Fast Process Corner
  Data Path Delay:        0.544ns  (logic 0.254ns (46.715%)  route 0.290ns (53.285%))
  Logic Levels:           3  (FDCE=1 LUT4=1 LUT5=1)

    Location             Delay type                Incr(ns)  Path(ns)    Netlist Resource(s)
  -------------------------------------------------------------------    -------------------
    SLICE_X2Y1           FDCE                         0.000     0.000 r  counter_reg[7]/C
    SLICE_X2Y1           FDCE (Prop_fdce_C_Q)         0.164     0.164 f  counter_reg[7]/Q
                         net (fo=2, routed)           0.153     0.317    counter_reg_n_0_[7]
    SLICE_X2Y0           LUT4 (Prop_lut4_I2_O)        0.045     0.362 r  counter[15]_i_2/O
                         net (fo=16, routed)          0.137     0.499    counter[15]_i_2_n_0
    SLICE_X2Y0           LUT5 (Prop_lut5_I0_O)        0.045     0.544 r  counter[6]_i_1/O
                         net (fo=1, routed)           0.000     0.544    counter[6]
    SLICE_X2Y0           FDCE                                         r  counter_reg[6]/D
  -------------------------------------------------------------------    -------------------

Slack:                    inf
  Source:                 counter_reg[11]/C
                            (rising edge-triggered cell FDCE)
  Destination:            counter_reg[10]/D
  Path Group:             (none)
  Path Type:              Min at Fast Process Corner
  Data Path Delay:        0.548ns  (logic 0.231ns (42.118%)  route 0.317ns (57.882%))
  Logic Levels:           3  (FDCE=1 LUT4=1 LUT5=1)

    Location             Delay type                Incr(ns)  Path(ns)    Netlist Resource(s)
  -------------------------------------------------------------------    -------------------
    SLICE_X1Y2           FDCE                         0.000     0.000 r  counter_reg[11]/C
    SLICE_X1Y2           FDCE (Prop_fdce_C_Q)         0.141     0.141 r  counter_reg[11]/Q
                         net (fo=2, routed)           0.137     0.278    counter_reg_n_0_[11]
    SLICE_X2Y1           LUT4 (Prop_lut4_I2_O)        0.045     0.323 r  counter[15]_i_5/O
                         net (fo=16, routed)          0.180     0.503    counter[15]_i_5_n_0
    SLICE_X1Y2           LUT5 (Prop_lut5_I3_O)        0.045     0.548 r  counter[10]_i_1/O
                         net (fo=1, routed)           0.000     0.548    counter[10]
    SLICE_X1Y2           FDCE                                         r  counter_reg[10]/D
  -------------------------------------------------------------------    -------------------

Slack:                    inf
  Source:                 counter_reg[0]/C
                            (rising edge-triggered cell FDCE)
  Destination:            counter_reg[0]/D
  Path Group:             (none)
  Path Type:              Min at Fast Process Corner
  Data Path Delay:        0.567ns  (logic 0.225ns (39.653%)  route 0.342ns (60.347%))
  Logic Levels:           2  (FDCE=1 LUT1=1)

    Location             Delay type                Incr(ns)  Path(ns)    Netlist Resource(s)
  -------------------------------------------------------------------    -------------------
    SLICE_X1Y0           FDCE                         0.000     0.000 r  counter_reg[0]/C
    SLICE_X1Y0           FDCE (Prop_fdce_C_Q)         0.128     0.128 f  counter_reg[0]/Q
                         net (fo=3, routed)           0.229     0.357    counter_reg_n_0_[0]
    SLICE_X1Y0           LUT1 (Prop_lut1_I0_O)        0.097     0.454 r  counter[0]_i_1/O
                         net (fo=1, routed)           0.114     0.567    counter[0]
    SLICE_X1Y0           FDCE                                         r  counter_reg[0]/D
  -------------------------------------------------------------------    -------------------

Slack:                    inf
  Source:                 rst
                            (input port)
  Destination:            counter_reg[1]/CLR
  Path Group:             (none)
  Path Type:              Min at Fast Process Corner
  Data Path Delay:        0.581ns  (logic 0.165ns (28.348%)  route 0.416ns (71.652%))
  Logic Levels:           1  (IBUF=1)

    Location             Delay type                Incr(ns)  Path(ns)    Netlist Resource(s)
  -------------------------------------------------------------------    -------------------
    W5                                                0.000     0.000 f  rst (IN)
                         net (fo=0)                   0.000     0.000    rst
    W5                   IBUF (Prop_ibuf_I_O)         0.165     0.165 f  rst_IBUF_inst/O
                         net (fo=17, routed)          0.416     0.581    rst_IBUF
    SLICE_X2Y0           FDCE                                         f  counter_reg[1]/CLR
  -------------------------------------------------------------------    -------------------

Slack:                    inf
  Source:                 rst
                            (input port)
  Destination:            counter_reg[4]/CLR
  Path Group:             (none)
  Path Type:              Min at Fast Process Corner
  Data Path Delay:        0.581ns  (logic 0.165ns (28.348%)  route 0.416ns (71.652%))
  Logic Levels:           1  (IBUF=1)

    Location             Delay type                Incr(ns)  Path(ns)    Netlist Resource(s)
  -------------------------------------------------------------------    -------------------
    W5                                                0.000     0.000 f  rst (IN)
                         net (fo=0)                   0.000     0.000    rst
    W5                   IBUF (Prop_ibuf_I_O)         0.165     0.165 f  rst_IBUF_inst/O
                         net (fo=17, routed)          0.416     0.581    rst_IBUF
    SLICE_X2Y0           FDCE                                         f  counter_reg[4]/CLR
  -------------------------------------------------------------------    -------------------





