Copyright 1986-2022 Xilinx, Inc. All Rights Reserved. Copyright 2022-2025 Advanced Micro Devices, Inc. All Rights Reserved.
------------------------------------------------------------------------------------------------------------------------------------------------------------------------------------------------------------------------------------
| Tool Version : Vivado v.2025.2 (win64) Build 6299465 Fri Nov 14 19:35:11 GMT 2025
| Date         : Fri Apr  3 13:00:02 2026
| Host         : DESKTOP-QU8QVCL running 64-bit major release  (build 9200)
| Command      : report_timing_summary -max_paths 10 -routable_nets -report_unconstrained -file pwm_duty_timing_summary_routed.rpt -pb pwm_duty_timing_summary_routed.pb -rpx pwm_duty_timing_summary_routed.rpx -warn_on_violation
| Design       : pwm_duty
| Device       : 7z020-clg484
| Speed File   : -1  PRODUCTION 1.12 2019-11-22
| Design State : Routed
------------------------------------------------------------------------------------------------------------------------------------------------------------------------------------------------------------------------------------

Timing Summary Report

------------------------------------------------------------------------------------------------
| Timer Settings
| --------------
------------------------------------------------------------------------------------------------

  Enable Multi Corner Analysis               :  Yes
  Enable Pessimism Removal                   :  Yes
  Pessimism Removal Resolution               :  Nearest Common Node
  Enable Input Delay Default Clock           :  No
  Enable Preset / Clear Arcs                 :  No
  Disable Flight Delays                      :  No
  Ignore I/O Paths                           :  No
  Timing Early Launch at Borrowing Latches   :  No
  Borrow Time for Max Delay Exceptions       :  Yes
  Merge Timing Exceptions                    :  Yes
  Inter-SLR Compensation                     :  Conservative

  Corner  Analyze    Analyze    
  Name    Max Paths  Min Paths  
  ------  ---------  ---------  
  Slow    Yes        Yes        
  Fast    Yes        Yes        


------------------------------------------------------------------------------------------------
| Report Methodology
| ------------------
------------------------------------------------------------------------------------------------

Rule       Severity          Description                  Violations  
---------  ----------------  ---------------------------  ----------  
TIMING-17  Critical Warning  Non-clocked sequential cell  8           

Note: This report is based on the most recent report_methodology run and may not be up-to-date. Run report_methodology on the current design for the latest report.



check_timing report

Table of Contents
-----------------
1. checking no_clock (8)
2. checking constant_clock (0)
3. checking pulse_width_clock (0)
4. checking unconstrained_internal_endpoints (16)
5. checking no_input_delay (1)
6. checking no_output_delay (1)
7. checking multiple_clock (0)
8. checking generated_clocks (0)
9. checking loops (0)
10. checking partial_input_delay (0)
11. checking partial_output_delay (0)
12. checking latch_loops (0)

1. checking no_clock (8)
------------------------
 There are 8 register/latch pins with no clock driven by root clock pin: clk (HIGH)


2. checking constant_clock (0)
------------------------------
 There are 0 register/latch pins with constant_clock.


3. checking pulse_width_clock (0)
---------------------------------
 There are 0 register/latch pins which need pulse_width check


4. checking unconstrained_internal_endpoints (16)
-------------------------------------------------
 There are 16 pins that are not constrained for maximum delay. (HIGH)

 There are 0 pins that are not constrained for maximum delay due to constant clock.


5. checking no_input_delay (1)
------------------------------
 There is 1 input port with no input delay specified. (HIGH)

 There are 0 input ports with no input delay but user has a false path constraint.


6. checking no_output_delay (1)
-------------------------------
 There is 1 port with no output delay specified. (HIGH)

 There are 0 ports with no output delay but user has a false path constraint

 There are 0 ports with no output delay but with a timing clock defined on it or propagating through it


7. checking multiple_clock (0)
------------------------------
 There are 0 register/latch pins with multiple clocks.


8. checking generated_clocks (0)
--------------------------------
 There are 0 generated clocks that are not connected to a clock source.


9. checking loops (0)
---------------------
 There are 0 combinational loops in the design.


10. checking partial_input_delay (0)
------------------------------------
 There are 0 input ports with partial input delay specified.


11. checking partial_output_delay (0)
-------------------------------------
 There are 0 ports with partial output delay specified.


12. checking latch_loops (0)
----------------------------
 There are 0 combinational latch loops in the design through latch input



------------------------------------------------------------------------------------------------
| Design Timing Summary
| ---------------------
------------------------------------------------------------------------------------------------

    WNS(ns)      TNS(ns)  TNS Failing Endpoints  TNS Total Endpoints      WHS(ns)      THS(ns)  THS Failing Endpoints  THS Total Endpoints     WPWS(ns)     TPWS(ns)  TPWS Failing Endpoints  TPWS Total Endpoints  
    -------      -------  ---------------------  -------------------      -------      -------  ---------------------  -------------------     --------     --------  ----------------------  --------------------  
        inf        0.000                      0                   17          inf        0.000                      0                   17           NA           NA                      NA                    NA  


There are no user specified timing constraints.


------------------------------------------------------------------------------------------------
| Clock Summary
| -------------
------------------------------------------------------------------------------------------------


------------------------------------------------------------------------------------------------
| Intra Clock Table
| -----------------
------------------------------------------------------------------------------------------------

Clock             WNS(ns)      TNS(ns)  TNS Failing Endpoints  TNS Total Endpoints      WHS(ns)      THS(ns)  THS Failing Endpoints  THS Total Endpoints     WPWS(ns)     TPWS(ns)  TPWS Failing Endpoints  TPWS Total Endpoints  
-----             -------      -------  ---------------------  -------------------      -------      -------  ---------------------  -------------------     --------     --------  ----------------------  --------------------  


------------------------------------------------------------------------------------------------
| Inter Clock Table
| -----------------
------------------------------------------------------------------------------------------------

From Clock    To Clock          WNS(ns)      TNS(ns)  TNS Failing Endpoints  TNS Total Endpoints      WHS(ns)      THS(ns)  THS Failing Endpoints  THS Total Endpoints  
----------    --------          -------      -------  ---------------------  -------------------      -------      -------  ---------------------  -------------------  


------------------------------------------------------------------------------------------------
| Other Path Groups Table
| -----------------------
------------------------------------------------------------------------------------------------

Path Group    From Clock    To Clock          WNS(ns)      TNS(ns)  TNS Failing Endpoints  TNS Total Endpoints      WHS(ns)      THS(ns)  THS Failing Endpoints  THS Total Endpoints  
----------    ----------    --------          -------      -------  ---------------------  -------------------      -------      -------  ---------------------  -------------------  


------------------------------------------------------------------------------------------------
| User Ignored Path Table
| -----------------------
------------------------------------------------------------------------------------------------

Path Group    From Clock    To Clock    
----------    ----------    --------    


------------------------------------------------------------------------------------------------
| Unconstrained Path Table
| ------------------------
------------------------------------------------------------------------------------------------

Path Group    From Clock    To Clock    
----------    ----------    --------    
(none)                                    


------------------------------------------------------------------------------------------------
| Timing Details
| --------------
------------------------------------------------------------------------------------------------


--------------------------------------------------------------------------------------
Path Group:  (none)
From Clock:  
  To Clock:  

Max Delay            17 Endpoints
Min Delay            17 Endpoints
--------------------------------------------------------------------------------------


Max Delay Paths
--------------------------------------------------------------------------------------
Slack:                    inf
  Source:                 duty[1]
                            (input port)
  Destination:            pwm_out
                            (output port)
  Path Group:             (none)
  Path Type:              Max at Slow Process Corner
  Data Path Delay:        7.910ns  (logic 4.160ns (52.587%)  route 3.750ns (47.413%))
  Logic Levels:           4  (CARRY4=1 IBUF=1 LUT4=1 OBUF=1)

    Location             Delay type                Incr(ns)  Path(ns)    Netlist Resource(s)
  -------------------------------------------------------------------    -------------------
    W5                                                0.000     0.000 r  duty[1] (IN)
                         net (fo=0)                   0.000     0.000    duty[1]
    W5                   IBUF (Prop_ibuf_I_O)         0.935     0.935 r  duty_IBUF[1]_inst/O
                         net (fo=2, routed)           1.582     2.518    duty_IBUF[1]
    SLICE_X0Y5           LUT4 (Prop_lut4_I2_O)        0.124     2.642 r  pwm_out_OBUF_inst_i_9/O
                         net (fo=1, routed)           0.000     2.642    pwm_out_OBUF_inst_i_9_n_0
    SLICE_X0Y5           CARRY4 (Prop_carry4_S[0]_CO[3])
                                                      0.513     3.155 r  pwm_out_OBUF_inst_i_1/CO[3]
                         net (fo=1, routed)           2.168     5.323    pwm_out_OBUF
    U4                   OBUF (Prop_obuf_I_O)         2.587     7.910 r  pwm_out_OBUF_inst/O
                         net (fo=0)                   0.000     7.910    pwm_out
    U4                                                                r  pwm_out (OUT)
  -------------------------------------------------------------------    -------------------

Slack:                    inf
  Source:                 counter_reg[4]/C
                            (rising edge-triggered cell FDCE)
  Destination:            counter_reg[7]/D
  Path Group:             (none)
  Path Type:              Max at Slow Process Corner
  Data Path Delay:        2.212ns  (logic 0.929ns (41.991%)  route 1.283ns (58.009%))
  Logic Levels:           3  (FDCE=1 LUT3=1 LUT6=1)

    Location             Delay type                Incr(ns)  Path(ns)    Netlist Resource(s)
  -------------------------------------------------------------------    -------------------
    SLICE_X0Y6           FDCE                         0.000     0.000 r  counter_reg[4]/C
    SLICE_X0Y6           FDCE (Prop_fdce_C_Q)         0.478     0.478 r  counter_reg[4]/Q
                         net (fo=5, routed)           0.850     1.328    counter_reg[4]
    SLICE_X1Y5           LUT6 (Prop_lut6_I5_O)        0.301     1.629 r  counter[7]_i_2/O
                         net (fo=2, routed)           0.433     2.062    counter[7]_i_2_n_0
    SLICE_X1Y5           LUT3 (Prop_lut3_I0_O)        0.150     2.212 r  counter[7]_i_1/O
                         net (fo=1, routed)           0.000     2.212    plusOp[7]
    SLICE_X1Y5           FDCE                                         r  counter_reg[7]/D
  -------------------------------------------------------------------    -------------------

Slack:                    inf
  Source:                 counter_reg[4]/C
                            (rising edge-triggered cell FDCE)
  Destination:            counter_reg[6]/D
  Path Group:             (none)
  Path Type:              Max at Slow Process Corner
  Data Path Delay:        2.186ns  (logic 0.903ns (41.301%)  route 1.283ns (58.699%))
  Logic Levels:           3  (FDCE=1 LUT2=1 LUT6=1)

    Location             Delay type                Incr(ns)  Path(ns)    Netlist Resource(s)
  -------------------------------------------------------------------    -------------------
    SLICE_X0Y6           FDCE                         0.000     0.000 r  counter_reg[4]/C
    SLICE_X0Y6           FDCE (Prop_fdce_C_Q)         0.478     0.478 r  counter_reg[4]/Q
                         net (fo=5, routed)           0.850     1.328    counter_reg[4]
    SLICE_X1Y5           LUT6 (Prop_lut6_I5_O)        0.301     1.629 r  counter[7]_i_2/O
                         net (fo=2, routed)           0.433     2.062    counter[7]_i_2_n_0
    SLICE_X1Y5           LUT2 (Prop_lut2_I0_O)        0.124     2.186 r  counter[6]_i_1/O
                         net (fo=1, routed)           0.000     2.186    plusOp[6]
    SLICE_X1Y5           FDCE                                         r  counter_reg[6]/D
  -------------------------------------------------------------------    -------------------

Slack:                    inf
  Source:                 reset
                            (input port)
  Destination:            counter_reg[6]/CLR
  Path Group:             (none)
  Path Type:              Max at Slow Process Corner
  Data Path Delay:        2.111ns  (logic 0.920ns (43.600%)  route 1.191ns (56.400%))
  Logic Levels:           1  (IBUF=1)

    Location             Delay type                Incr(ns)  Path(ns)    Netlist Resource(s)
  -------------------------------------------------------------------    -------------------
    V5                                                0.000     0.000 f  reset (IN)
                         net (fo=0)                   0.000     0.000    reset
    V5                   IBUF (Prop_ibuf_I_O)         0.920     0.920 f  reset_IBUF_inst/O
                         net (fo=8, routed)           1.191     2.111    reset_IBUF
    SLICE_X1Y5           FDCE                                         f  counter_reg[6]/CLR
  -------------------------------------------------------------------    -------------------

Slack:                    inf
  Source:                 reset
                            (input port)
  Destination:            counter_reg[7]/CLR
  Path Group:             (none)
  Path Type:              Max at Slow Process Corner
  Data Path Delay:        2.111ns  (logic 0.920ns (43.600%)  route 1.191ns (56.400%))
  Logic Levels:           1  (IBUF=1)

    Location             Delay type                Incr(ns)  Path(ns)    Netlist Resource(s)
  -------------------------------------------------------------------    -------------------
    V5                                                0.000     0.000 f  reset (IN)
                         net (fo=0)                   0.000     0.000    reset
    V5                   IBUF (Prop_ibuf_I_O)         0.920     0.920 f  reset_IBUF_inst/O
                         net (fo=8, routed)           1.191     2.111    reset_IBUF
    SLICE_X1Y5           FDCE                                         f  counter_reg[7]/CLR
  -------------------------------------------------------------------    -------------------

Slack:                    inf
  Source:                 reset
                            (input port)
  Destination:            counter_reg[0]/CLR
  Path Group:             (none)
  Path Type:              Max at Slow Process Corner
  Data Path Delay:        1.970ns  (logic 0.920ns (46.717%)  route 1.050ns (53.283%))
  Logic Levels:           1  (IBUF=1)

    Location             Delay type                Incr(ns)  Path(ns)    Netlist Resource(s)
  -------------------------------------------------------------------    -------------------
    V5                                                0.000     0.000 f  reset (IN)
                         net (fo=0)                   0.000     0.000    reset
    V5                   IBUF (Prop_ibuf_I_O)         0.920     0.920 f  reset_IBUF_inst/O
                         net (fo=8, routed)           1.050     1.970    reset_IBUF
    SLICE_X0Y6           FDCE                                         f  counter_reg[0]/CLR
  -------------------------------------------------------------------    -------------------

Slack:                    inf
  Source:                 reset
                            (input port)
  Destination:            counter_reg[1]/CLR
  Path Group:             (none)
  Path Type:              Max at Slow Process Corner
  Data Path Delay:        1.970ns  (logic 0.920ns (46.717%)  route 1.050ns (53.283%))
  Logic Levels:           1  (IBUF=1)

    Location             Delay type                Incr(ns)  Path(ns)    Netlist Resource(s)
  -------------------------------------------------------------------    -------------------
    V5                                                0.000     0.000 f  reset (IN)
                         net (fo=0)                   0.000     0.000    reset
    V5                   IBUF (Prop_ibuf_I_O)         0.920     0.920 f  reset_IBUF_inst/O
                         net (fo=8, routed)           1.050     1.970    reset_IBUF
    SLICE_X0Y6           FDCE                                         f  counter_reg[1]/CLR
  -------------------------------------------------------------------    -------------------

Slack:                    inf
  Source:                 reset
                            (input port)
  Destination:            counter_reg[2]/CLR
  Path Group:             (none)
  Path Type:              Max at Slow Process Corner
  Data Path Delay:        1.970ns  (logic 0.920ns (46.717%)  route 1.050ns (53.283%))
  Logic Levels:           1  (IBUF=1)

    Location             Delay type                Incr(ns)  Path(ns)    Netlist Resource(s)
  -------------------------------------------------------------------    -------------------
    V5                                                0.000     0.000 f  reset (IN)
                         net (fo=0)                   0.000     0.000    reset
    V5                   IBUF (Prop_ibuf_I_O)         0.920     0.920 f  reset_IBUF_inst/O
                         net (fo=8, routed)           1.050     1.970    reset_IBUF
    SLICE_X0Y6           FDCE                                         f  counter_reg[2]/CLR
  -------------------------------------------------------------------    -------------------

Slack:                    inf
  Source:                 reset
                            (input port)
  Destination:            counter_reg[3]/CLR
  Path Group:             (none)
  Path Type:              Max at Slow Process Corner
  Data Path Delay:        1.970ns  (logic 0.920ns (46.717%)  route 1.050ns (53.283%))
  Logic Levels:           1  (IBUF=1)

    Location             Delay type                Incr(ns)  Path(ns)    Netlist Resource(s)
  -------------------------------------------------------------------    -------------------
    V5                                                0.000     0.000 f  reset (IN)
                         net (fo=0)                   0.000     0.000    reset
    V5                   IBUF (Prop_ibuf_I_O)         0.920     0.920 f  reset_IBUF_inst/O
                         net (fo=8, routed)           1.050     1.970    reset_IBUF
    SLICE_X0Y6           FDCE                                         f  counter_reg[3]/CLR
  -------------------------------------------------------------------    -------------------

Slack:                    inf
  Source:                 reset
                            (input port)
  Destination:            counter_reg[4]/CLR
  Path Group:             (none)
  Path Type:              Max at Slow Process Corner
  Data Path Delay:        1.970ns  (logic 0.920ns (46.717%)  route 1.050ns (53.283%))
  Logic Levels:           1  (IBUF=1)

    Location             Delay type                Incr(ns)  Path(ns)    Netlist Resource(s)
  -------------------------------------------------------------------    -------------------
    V5                                                0.000     0.000 f  reset (IN)
                         net (fo=0)                   0.000     0.000    reset
    V5                   IBUF (Prop_ibuf_I_O)         0.920     0.920 f  reset_IBUF_inst/O
                         net (fo=8, routed)           1.050     1.970    reset_IBUF
    SLICE_X0Y6           FDCE                                         f  counter_reg[4]/CLR
  -------------------------------------------------------------------    -------------------





Min Delay Paths
--------------------------------------------------------------------------------------
Slack:                    inf
  Source:                 counter_reg[6]/C
                            (rising edge-triggered cell FDCE)
  Destination:            counter_reg[7]/D
  Path Group:             (none)
  Path Type:              Min at Fast Process Corner
  Data Path Delay:        0.350ns  (logic 0.183ns (52.255%)  route 0.167ns (47.745%))
  Logic Levels:           2  (FDCE=1 LUT3=1)

    Location             Delay type                Incr(ns)  Path(ns)    Netlist Resource(s)
  -------------------------------------------------------------------    -------------------
    SLICE_X1Y5           FDCE                         0.000     0.000 r  counter_reg[6]/C
    SLICE_X1Y5           FDCE (Prop_fdce_C_Q)         0.141     0.141 r  counter_reg[6]/Q
                         net (fo=4, routed)           0.167     0.308    counter_reg[6]
    SLICE_X1Y5           LUT3 (Prop_lut3_I1_O)        0.042     0.350 r  counter[7]_i_1/O
                         net (fo=1, routed)           0.000     0.350    plusOp[7]
    SLICE_X1Y5           FDCE                                         r  counter_reg[7]/D
  -------------------------------------------------------------------    -------------------

Slack:                    inf
  Source:                 counter_reg[6]/C
                            (rising edge-triggered cell FDCE)
  Destination:            counter_reg[6]/D
  Path Group:             (none)
  Path Type:              Min at Fast Process Corner
  Data Path Delay:        0.353ns  (logic 0.186ns (52.660%)  route 0.167ns (47.340%))
  Logic Levels:           2  (FDCE=1 LUT2=1)

    Location             Delay type                Incr(ns)  Path(ns)    Netlist Resource(s)
  -------------------------------------------------------------------    -------------------
    SLICE_X1Y5           FDCE                         0.000     0.000 r  counter_reg[6]/C
    SLICE_X1Y5           FDCE (Prop_fdce_C_Q)         0.141     0.141 r  counter_reg[6]/Q
                         net (fo=4, routed)           0.167     0.308    counter_reg[6]
    SLICE_X1Y5           LUT2 (Prop_lut2_I1_O)        0.045     0.353 r  counter[6]_i_1/O
                         net (fo=1, routed)           0.000     0.353    plusOp[6]
    SLICE_X1Y5           FDCE                                         r  counter_reg[6]/D
  -------------------------------------------------------------------    -------------------

Slack:                    inf
  Source:                 counter_reg[1]/C
                            (rising edge-triggered cell FDCE)
  Destination:            counter_reg[5]/D
  Path Group:             (none)
  Path Type:              Min at Fast Process Corner
  Data Path Delay:        0.356ns  (logic 0.209ns (58.754%)  route 0.147ns (41.246%))
  Logic Levels:           2  (FDCE=1 LUT6=1)

    Location             Delay type                Incr(ns)  Path(ns)    Netlist Resource(s)
  -------------------------------------------------------------------    -------------------
    SLICE_X0Y6           FDCE                         0.000     0.000 r  counter_reg[1]/C
    SLICE_X0Y6           FDCE (Prop_fdce_C_Q)         0.164     0.164 r  counter_reg[1]/Q
                         net (fo=8, routed)           0.147     0.311    counter_reg[1]
    SLICE_X0Y6           LUT6 (Prop_lut6_I1_O)        0.045     0.356 r  counter[5]_i_1/O
                         net (fo=1, routed)           0.000     0.356    plusOp[5]
    SLICE_X0Y6           FDCE                                         r  counter_reg[5]/D
  -------------------------------------------------------------------    -------------------

Slack:                    inf
  Source:                 counter_reg[3]/C
                            (rising edge-triggered cell FDCE)
  Destination:            counter_reg[3]/D
  Path Group:             (none)
  Path Type:              Min at Fast Process Corner
  Data Path Delay:        0.384ns  (logic 0.209ns (54.428%)  route 0.175ns (45.572%))
  Logic Levels:           2  (FDCE=1 LUT4=1)

    Location             Delay type                Incr(ns)  Path(ns)    Netlist Resource(s)
  -------------------------------------------------------------------    -------------------
    SLICE_X0Y6           FDCE                         0.000     0.000 r  counter_reg[3]/C
    SLICE_X0Y6           FDCE (Prop_fdce_C_Q)         0.164     0.164 r  counter_reg[3]/Q
                         net (fo=6, routed)           0.175     0.339    counter_reg[3]
    SLICE_X0Y6           LUT4 (Prop_lut4_I3_O)        0.045     0.384 r  counter[3]_i_1/O
                         net (fo=1, routed)           0.000     0.384    plusOp[3]
    SLICE_X0Y6           FDCE                                         r  counter_reg[3]/D
  -------------------------------------------------------------------    -------------------

Slack:                    inf
  Source:                 counter_reg[3]/C
                            (rising edge-triggered cell FDCE)
  Destination:            counter_reg[4]/D
  Path Group:             (none)
  Path Type:              Min at Fast Process Corner
  Data Path Delay:        0.387ns  (logic 0.212ns (54.781%)  route 0.175ns (45.219%))
  Logic Levels:           2  (FDCE=1 LUT5=1)

    Location             Delay type                Incr(ns)  Path(ns)    Netlist Resource(s)
  -------------------------------------------------------------------    -------------------
    SLICE_X0Y6           FDCE                         0.000     0.000 r  counter_reg[3]/C
    SLICE_X0Y6           FDCE (Prop_fdce_C_Q)         0.164     0.164 r  counter_reg[3]/Q
                         net (fo=6, routed)           0.175     0.339    counter_reg[3]
    SLICE_X0Y6           LUT5 (Prop_lut5_I3_O)        0.048     0.387 r  counter[4]_i_1/O
                         net (fo=1, routed)           0.000     0.387    plusOp[4]
    SLICE_X0Y6           FDCE                                         r  counter_reg[4]/D
  -------------------------------------------------------------------    -------------------

Slack:                    inf
  Source:                 counter_reg[1]/C
                            (rising edge-triggered cell FDCE)
  Destination:            counter_reg[2]/D
  Path Group:             (none)
  Path Type:              Min at Fast Process Corner
  Data Path Delay:        0.404ns  (logic 0.207ns (51.207%)  route 0.197ns (48.793%))
  Logic Levels:           2  (FDCE=1 LUT3=1)

    Location             Delay type                Incr(ns)  Path(ns)    Netlist Resource(s)
  -------------------------------------------------------------------    -------------------
    SLICE_X0Y6           FDCE                         0.000     0.000 r  counter_reg[1]/C
    SLICE_X0Y6           FDCE (Prop_fdce_C_Q)         0.164     0.164 r  counter_reg[1]/Q
                         net (fo=8, routed)           0.197     0.361    counter_reg[1]
    SLICE_X0Y6           LUT3 (Prop_lut3_I1_O)        0.043     0.404 r  counter[2]_i_1/O
                         net (fo=1, routed)           0.000     0.404    plusOp[2]
    SLICE_X0Y6           FDCE                                         r  counter_reg[2]/D
  -------------------------------------------------------------------    -------------------

Slack:                    inf
  Source:                 counter_reg[1]/C
                            (rising edge-triggered cell FDCE)
  Destination:            counter_reg[1]/D
  Path Group:             (none)
  Path Type:              Min at Fast Process Corner
  Data Path Delay:        0.406ns  (logic 0.209ns (51.447%)  route 0.197ns (48.553%))
  Logic Levels:           2  (FDCE=1 LUT2=1)

    Location             Delay type                Incr(ns)  Path(ns)    Netlist Resource(s)
  -------------------------------------------------------------------    -------------------
    SLICE_X0Y6           FDCE                         0.000     0.000 r  counter_reg[1]/C
    SLICE_X0Y6           FDCE (Prop_fdce_C_Q)         0.164     0.164 r  counter_reg[1]/Q
                         net (fo=8, routed)           0.197     0.361    counter_reg[1]
    SLICE_X0Y6           LUT2 (Prop_lut2_I1_O)        0.045     0.406 r  counter[1]_i_1/O
                         net (fo=1, routed)           0.000     0.406    plusOp[1]
    SLICE_X0Y6           FDCE                                         r  counter_reg[1]/D
  -------------------------------------------------------------------    -------------------

Slack:                    inf
  Source:                 counter_reg[0]/C
                            (rising edge-triggered cell FDCE)
  Destination:            counter_reg[0]/D
  Path Group:             (none)
  Path Type:              Min at Fast Process Corner
  Data Path Delay:        0.464ns  (logic 0.209ns (45.020%)  route 0.255ns (54.980%))
  Logic Levels:           2  (FDCE=1 LUT1=1)

    Location             Delay type                Incr(ns)  Path(ns)    Netlist Resource(s)
  -------------------------------------------------------------------    -------------------
    SLICE_X0Y6           FDCE                         0.000     0.000 r  counter_reg[0]/C
    SLICE_X0Y6           FDCE (Prop_fdce_C_Q)         0.164     0.164 f  counter_reg[0]/Q
                         net (fo=9, routed)           0.255     0.419    counter_reg[0]
    SLICE_X0Y6           LUT1 (Prop_lut1_I0_O)        0.045     0.464 r  counter[0]_i_1/O
                         net (fo=1, routed)           0.000     0.464    counter[0]_i_1_n_0
    SLICE_X0Y6           FDCE                                         r  counter_reg[0]/D
  -------------------------------------------------------------------    -------------------

Slack:                    inf
  Source:                 reset
                            (input port)
  Destination:            counter_reg[0]/CLR
  Path Group:             (none)
  Path Type:              Min at Fast Process Corner
  Data Path Delay:        0.566ns  (logic 0.150ns (26.479%)  route 0.416ns (73.521%))
  Logic Levels:           1  (IBUF=1)

    Location             Delay type                Incr(ns)  Path(ns)    Netlist Resource(s)
  -------------------------------------------------------------------    -------------------
    V5                                                0.000     0.000 f  reset (IN)
                         net (fo=0)                   0.000     0.000    reset
    V5                   IBUF (Prop_ibuf_I_O)         0.150     0.150 f  reset_IBUF_inst/O
                         net (fo=8, routed)           0.416     0.566    reset_IBUF
    SLICE_X0Y6           FDCE                                         f  counter_reg[0]/CLR
  -------------------------------------------------------------------    -------------------

Slack:                    inf
  Source:                 reset
                            (input port)
  Destination:            counter_reg[1]/CLR
  Path Group:             (none)
  Path Type:              Min at Fast Process Corner
  Data Path Delay:        0.566ns  (logic 0.150ns (26.479%)  route 0.416ns (73.521%))
  Logic Levels:           1  (IBUF=1)

    Location             Delay type                Incr(ns)  Path(ns)    Netlist Resource(s)
  -------------------------------------------------------------------    -------------------
    V5                                                0.000     0.000 f  reset (IN)
                         net (fo=0)                   0.000     0.000    reset
    V5                   IBUF (Prop_ibuf_I_O)         0.150     0.150 f  reset_IBUF_inst/O
                         net (fo=8, routed)           0.416     0.566    reset_IBUF
    SLICE_X0Y6           FDCE                                         f  counter_reg[1]/CLR
  -------------------------------------------------------------------    -------------------





